 PROGRAM * FCI  (Determinant based Full CI)     Author: P.J. Knowles, 1984

 lenn,mem      500002      500000
 Variable memory set to     500000 words
 Active orbitals:              4( 2 2 0 0 0 0 0 0)
 Active electrons:             4
 Spin quantum number:          0.0
 Orbital pairs:                   6     4     0     0     0     0     0     0
 Strings:                         2     4     0     0     0     0     0     0
                                  2     4     0     0     0     0     0     0
 Determinants:                         20          16           0           0
                                        0           0           0           0
 sr inpint: done reading integrals
 Core energy:                     36.730218786183

 Space symmetry:               2
 Maximum iterations:          25
 Convergence threshold:         0.0000100
 Output threshold:              0.0500000
 Number of roots:              4

 Initial configuration generated:
       1      0.7071068     -3.1625048
       9      0.7071068     -3.1625048

 It  Tr    CPU  Convergence   Energy

  1   1    0.0  1.00000000     -1.924550636
  2   2    0.0  0.98631838     -2.199342292      7.912190632
  3   3    0.0  0.72924987     -2.226319248      3.281566067     13.191680127
  4   3    0.0  0.61322094     -2.234037331      1.581639343      5.487210065     17.046346820
  5   4    0.0  0.95449184     -2.241519099      1.505155663      5.311588854     11.363648074
  6   4    0.0  0.81991159     -2.255856887      1.437015188      5.300243517      8.428718972
  7   1    0.0  1.00000000     -4.206109717     -2.255856887      1.437015188      5.300243517
  8   4    0.0  0.92373593     -5.321032833     -2.255856887      1.437015188      2.278369910
  9   3    0.0  0.62574391     -5.326700941     -2.255856887      1.429977405      1.437015188
 10   3    0.0  0.61899113     -5.349414707     -2.255856887     -1.050580003      1.437015188
 11   3    0.0  0.20071376     -5.349417228     -2.255856887     -1.388097880      1.437015188
 12   1    0.0  0.04607441     -5.380177892     -2.255856887     -1.396696965      1.437015188
 13   1    0.0  0.00000037     -5.380177892     -2.255856887     -1.396696965      1.437015188
 State 1     Energy     -5.380177892449
 Correlation energy     -3.455627256312

 Final CI vector

      -0.660737489719************
      -0.192972931382************
      -0.092978380906************
       0.092978335394************
      -0.074595572462************
       0.660737489719************
       0.092978335382************
      -0.092978380917************
       0.074595572462************
       0.192972931382************
 /EOF
 State 2     Energy     -2.255856887057

 Final CI vector

       0.692332570525************
       0.083502022275************
      -0.070992987193************
       0.070992987193************
       0.692332570525************
      -0.070992987193************
       0.070992987193************
       0.083502022275************
 /EOF
 State 3     Energy     -1.396696964569

 Final CI vector

      -0.420738567931************
       0.368757719303************
      -0.153319552072************
      -0.368757659568************
       0.153319569173************
      -0.058012159189************
      -0.368757659635************
       0.368757719235************
       0.058012159189************
       0.420738567931************
       0.153319569134************
      -0.153319552111************
 /EOF
 State 4     Energy      1.437015187992

 Final CI vector

      -0.052847854597************
       0.661655062185************
       0.144045173934************
       0.062995221722************
      -0.144045173934************
      -0.062995221722************
      -0.099647472003************
      -0.052847854597************
       0.144045173934************
      -0.144045173934************
      -0.099647472003************
       0.661655062185************
       0.062995221722************
      -0.062995221722************
 /EOF
 Variable memory released
