 PROGRAM * FCI  (Determinant based Full CI)     Author: P.J. Knowles, 1984

 lenn,mem     5000002     5000000
 Variable memory set to    5000000 words
 Active orbitals:              6( 3 3 0 0 0 0 0 0)
 Active electrons:             6
 Spin quantum number:          0.0
 Orbital pairs:                  12     9     0     0     0     0     0     0
 Strings:                        10    10     0     0     0     0     0     0
                                 10    10     0     0     0     0     0     0
 Determinants:                        200         200           0           0
                                        0           0           0           0
 sr inpint: done reading integrals
 Core energy:                     77.365410113504

 Space symmetry:               1
 Maximum iterations:          25
 Convergence threshold:         0.0000100
 Output threshold:              0.0500000
 Number of roots:              4

 Initial configuration generated:
     101      1.0000000    -11.5754511

 It  Tr    CPU  Convergence   Energy

  1   1    0.0  1.00000000    -11.575451108
  2   2    0.0  0.96252662    -12.384839757     -1.379113457
  3   3    0.0  0.77469783    -12.424467313     -4.924236614      3.974399745
  4   4    0.0  0.72696501    -12.429566809     -6.639032618     -0.983864541     10.980599580
  5   4    0.0  0.56482359    -12.429629677     -7.415753276     -3.557461392      2.872511399
  6   4    0.0  0.34747006    -12.434444018     -7.495545270     -4.225899602      0.301071733
  7   4    0.0  0.30141607    -12.437094841     -7.519040393     -4.292966809     -0.873986518
  8   4    0.0  0.33517304    -12.437294624     -7.601540443     -4.315208986     -1.736734005
  9   4    0.0  0.50501830    -12.438530959     -7.680816840     -4.337595499     -3.323422280
 10   3    0.0  0.31302477    -12.438746112     -7.699253210     -4.570951537     -4.286212667
 11   3    0.0  0.23888586    -12.439770417     -7.711367211     -5.286128018     -4.328785609
 12   3    0.0  0.11496466    -12.441188603     -7.724811275     -5.441474348     -4.345445116
 13   3    0.0  0.03600865    -12.441249468     -7.729403020     -5.460096235     -4.359258827
 14   2    0.0  0.05423340    -12.441513056     -7.772258803     -5.462907338     -4.367454292
 15   2    0.0  0.14847552    -12.442477781     -8.048622766     -5.463082579     -4.388793494
 16   2    0.0  0.05299832    -12.443171081     -8.088233732     -5.463202940     -4.389781489
 17   2    0.0  0.01167624    -12.443874198     -8.090681720     -5.463229425     -4.390552478
 18   1    0.0  0.00475665    -12.444490670     -8.090826305     -5.463240587     -4.390594331
 19   1    0.0  0.02946029    -12.458385187     -8.090827270     -5.463252712     -4.394071591
 20   4    0.0  0.00440675    -12.458770054     -8.090828148     -5.463269918     -4.394307695
 21   4    0.0  0.03298499    -12.458770204     -8.090828199     -5.463317708     -4.408988172
 22   4    0.0  0.01128697    -12.458770649     -8.090829570     -5.463351007     -4.410676416
 23   4    0.0  0.00733270    -12.458770649     -8.090834225     -5.463351172     -4.411183083
 24   4    0.0  0.00598853    -12.458771427     -8.090836842     -5.463390336     -4.411514950
 25   4    0.0  0.00370174    -12.458771648     -8.090837598     -5.463420544     -4.411639791

 *** Convergence not achieved in max iterations
 State 1     Energy    -12.458771647695
 Correlation energy     -0.883320539709

 Final CI vector

      -0.164308340416******************
       0.052037918163******************
       0.063912366514******************
       0.052037918163******************
      -0.064723011149******************
       0.063912366514******************
       0.953150316630******************
      -0.054545178411******************
       0.080792029624******************
       0.080792029624******************
      -0.054545178411******************
 /EOF
 State 2     Energy     -8.090837598183

 Final CI vector

      -0.589676281940******************
       0.074143350842******************
       0.057833269902******************
      -0.074143350844******************
      -0.057833269902******************
       0.074143350844******************
       0.096734556431******************
       0.055294916298******************
       0.055294916298******************
      -0.055294916298******************
       0.057833269902******************
      -0.074143350842******************
      -0.055294916298******************
       0.096734556431******************
      -0.057833269902******************
      -0.114923807546******************
      -0.290156020466******************
      -0.290156020480******************
      -0.067187914988******************
      -0.159829741337******************
       0.067187914992******************
      -0.051774495656******************
      -0.290156020480******************
       0.154201529394******************
       0.150472937711******************
       0.064829394629******************
       0.057304966230******************
      -0.290156020466******************
       0.150472937710******************
       0.154201529394******************
      -0.057304966230******************
      -0.064829394628******************
      -0.067187914992******************
       0.064829394628******************
      -0.057304966230******************
      -0.159829741337******************
       0.067187914988******************
       0.057304966230******************
      -0.064829394629******************
      -0.051774495656******************
 /EOF
 State 3     Energy     -5.463420543533

 Final CI vector

      -0.192025762307******************
       0.168859602552******************
      -0.050152998782******************
       0.192025762301******************
      -0.091357659093******************
       0.050152998781******************
      -0.192025762301******************
       0.190973752343******************
       0.168859602552******************
       0.226600594609******************
      -0.050152998781******************
       0.192025762307******************
       0.190973752343******************
      -0.091357659093******************
       0.050152998782******************
      -0.051354481018******************
      -0.086341852687******************
      -0.086341852742******************
      -0.196818762759******************
       0.155070415365******************
       0.095181035707******************
       0.196818762772******************
      -0.092804686751******************
      -0.095181035706******************
      -0.086341852742******************
      -0.338667586630******************
       0.103169180811******************
       0.050765622550******************
      -0.086004376301******************
      -0.086341852687******************
      -0.338667586630******************
       0.086004376300******************
      -0.103169180808******************
      -0.050765622552******************
      -0.196818762772******************
       0.103169180808******************
       0.086004376301******************
       0.155070415365******************
       0.095181035706******************
       0.050765622552******************
       0.196818762759******************
      -0.086004376300******************
      -0.103169180811******************
      -0.092804686751******************
      -0.095181035707******************
      -0.050765622550******************
 /EOF
 State 4     Energy     -4.411639791224

 Final CI vector

       0.576234318187******************
       0.104635645678******************
      -0.150313679416******************
      -0.104635645696******************
      -0.079177391542******************
       0.104635645696******************
      -0.133201285088******************
      -0.150313679416******************
       0.085023796921******************
      -0.104635645678******************
      -0.133201285076******************
      -0.079177391542******************
       0.051794783646******************
       0.170021850895******************
      -0.319245410338******************
      -0.319245410504******************
      -0.051401866034******************
       0.051401866076******************
       0.054023893540******************
      -0.319245410504******************
      -0.104206977430******************
      -0.319245410338******************
      -0.104206977435******************
      -0.051401866076******************
      -0.066987712081******************
       0.051401866034******************
       0.054023893540******************
 /EOF
 Variable memory released
