 PROGRAM * FCI  (Determinant based Full CI)     Author: P.J. Knowles, 1984

 lenn,mem     5000002     5000000
 Variable memory set to    5000000 words
 Active orbitals:              8( 4 4 0 0 0 0 0 0)
 Active electrons:             8
 Spin quantum number:          0.0
 Orbital pairs:                  20    16     0     0     0     0     0     0
 Strings:                        38    32     0     0     0     0     0     0
                                 38    32     0     0     0     0     0     0
 Determinants:                       2468        2432           0           0
                                        0           0           0           0
 sr inpint: done reading integrals
 Core energy:                    125.778007624889

 Space symmetry:               1
 Maximum iterations:          25
 Convergence threshold:         0.0000100
 Output threshold:              0.0500000
 Number of roots:              4

 Initial configuration generated:
       1      1.0000000    -15.6873570

 It  Tr    CPU  Convergence   Energy

  1   1    0.0  1.00000000    -15.687356966
  2   2    0.0  0.95363328    -16.732858439     -5.191014086
  3   3    0.0  0.73918615    -16.809623424     -9.620765405      0.198544678
  4   4    0.1  0.72170447    -16.817098331    -11.488319519     -5.213004411      7.596363980
  5   4    0.1  0.56669747    -16.818450837    -12.034146184     -8.371571506     -1.741603945
  6   4    0.1  0.33638666    -16.823607655    -12.129809125     -9.334444076     -4.340362341
  7   4    0.1  0.26203950    -16.827689384    -12.129855289     -9.471928229     -5.594663967
  8   4    0.1  0.20979532    -16.827743234    -12.152613830     -9.491480298     -6.297553074
  9   4    0.2  0.25227071    -16.828036637    -12.200031237     -9.500164821     -7.247268595
 10   4    0.2  0.32615207    -16.828171091    -12.273444118     -9.506432390     -8.853801449
 11   3    0.2  0.22004502    -16.828263794    -12.314103706     -9.972545834     -9.501184183
 12   3    0.2  0.16972134    -16.828640836    -12.316575531    -10.489134286     -9.503389094
 13   3    0.3  0.10497424    -16.829074242    -12.340563322    -10.704331751     -9.506374158
 14   3    0.3  0.06882596    -16.829227726    -12.347468516    -10.796000061     -9.514216203
 15   3    0.3  0.05750029    -16.829227903    -12.352383362    -10.837384881     -9.527532542
 16   3    0.3  0.03668586    -16.829236762    -12.362698158    -10.859686441     -9.532841927
 17   3    0.4  0.03360032    -16.829310197    -12.363791959    -10.875544707     -9.533035501
 18   4    0.4  0.03362358    -16.829610743    -12.365423913    -10.882865160     -9.542973416
 19   4    0.4  0.13126909    -16.833418023    -12.468611384    -10.883721142     -9.718563975
 20   4    0.4  0.18633764    -16.835747461    -12.471245204    -10.885601916     -9.898930375
 21   4    0.4  0.27671467    -16.835993004    -12.471372450    -10.915437458    -10.693048940
 22   3    0.5  0.18437573    -16.838427942    -12.475783957    -11.378178441    -10.872559323
 23   3    0.5  0.07805356    -16.838798177    -12.478277569    -11.505819536    -10.875645109
 24   2    0.5  0.03992769    -16.839148171    -12.510652082    -11.533118729    -10.875988534
 25   2    0.5  0.20040223    -16.843130104    -13.014319015    -11.533300029    -10.876067192

 *** Convergence not achieved in max iterations
 State 1     Energy    -16.843130103744
 Correlation energy     -1.155773137260

 Final CI vector

       0.937799445914************************
      -0.065097883273************************
       0.088050516415************************
      -0.051926581378************************
       0.088050516415************************
      -0.065097883273************************
      -0.051926581378************************
      -0.161648850223************************
      -0.054884509438************************
      -0.061922563535************************
      -0.054884509438************************
 /EOF
 State 2     Energy    -13.014319014722

 Final CI vector

      -0.121167105434************************
       0.270565667052************************
       0.270565667119************************
       0.068449386713************************
      -0.168167133567************************
       0.068449386729************************
       0.270565667119************************
       0.163689724009************************
       0.051778631437************************
       0.158173526062************************
       0.051778631440************************
       0.061594770706************************
       0.270565667052************************
       0.158173526060************************
       0.163689724009************************
      -0.051778631440************************
       0.068449386729************************
      -0.168167133567************************
       0.068449386713************************
      -0.051778631437************************
       0.061594770706************************
      -0.592232906467************************
      -0.064230526565************************
      -0.064230526568************************
       0.059520640355************************
      -0.074857921276************************
      -0.059856056597************************
      -0.064230526568************************
      -0.074857921276************************
       0.059520640355************************
      -0.064230526565************************
 /EOF
 State 3     Energy    -11.533300028921

 Final CI vector

      -0.317389431252************************
       0.066282992297************************
       0.062582911238************************
       0.066282992324************************
       0.317389431238************************
      -0.062582911241************************
      -0.139938625067************************
      -0.128248086760************************
       0.161790475158************************
      -0.317389431238************************
      -0.128248086755************************
      -0.061040437054************************
      -0.050260989044************************
       0.161790475154************************
      -0.139938625067************************
       0.128248086755************************
       0.066282992324************************
      -0.061040437053************************
       0.072707165221************************
       0.062582911241************************
       0.066282992297************************
       0.061040437054************************
      -0.050260989044************************
       0.317389431252************************
       0.128248086760************************
       0.061040437053************************
      -0.050260989044************************
      -0.050260989044************************
      -0.062582911238************************
       0.200722272153************************
       0.145907706778************************
       0.057089658214************************
       0.200722272166************************
       0.050203275983************************
      -0.057089658211************************
       0.200722272166************************
       0.108581523207************************
      -0.052388230598************************
       0.145907706778************************
      -0.060591092413************************
       0.057089658211************************
      -0.052388230594************************
       0.200722272153************************
       0.108581523207************************
       0.052388230594************************
       0.050203275983************************
      -0.057089658214************************
       0.052388230598************************
 /EOF
 State 4     Energy    -10.876067191881

 Final CI vector

       0.069020241654************************
      -0.099659771290************************
      -0.099659771302************************
      -0.176206887760************************
      -0.145537851730************************
      -0.082200403474************************
      -0.176206887763************************
      -0.058776946626************************
      -0.082200403474************************
       0.058776946628************************
      -0.099659771302************************
       0.320594071005************************
      -0.132790400008************************
      -0.087246475144************************
      -0.099659771290************************
       0.320594071005************************
      -0.132790400008************************
      -0.176206887763************************
      -0.132790400008************************
      -0.145537851730************************
      -0.082200403474************************
      -0.176206887760************************
      -0.132790400008************************
      -0.058776946628************************
      -0.082200403474************************
      -0.087246475144************************
       0.058776946626************************
       0.182711746183************************
      -0.154551880900************************
      -0.056010113282************************
       0.182711746182************************
      -0.053265460993************************
      -0.056010113282************************
       0.182711746182************************
      -0.070267392827************************
       0.053056343367************************
       0.054205370924************************
       0.050563673640************************
      -0.154551880900************************
       0.053056343366************************
      -0.150521148336************************
       0.063522816500************************
       0.053056343367************************
      -0.063522816500************************
       0.054205370923************************
       0.063522816500************************
      -0.056010113282************************
       0.182711746183************************
       0.053056343366************************
      -0.070267392827************************
       0.050563673640************************
      -0.054205370923************************
      -0.053265460993************************
       0.050563673640************************
       0.050563673640************************
      -0.056010113282************************
      -0.063522816500************************
      -0.054205370924************************
 /EOF
 Variable memory released
