 PROGRAM * FCI  (Determinant based Full CI)     Author: P.J. Knowles, 1984

 lenn,mem     5000002     5000000
 Variable memory set to    5000000 words
 Active orbitals:              8( 4 4 0 0 0 0 0 0)
 Active electrons:             8
 Spin quantum number:          0.0
 Orbital pairs:                  20    16     0     0     0     0     0     0
 Strings:                        38    32     0     0     0     0     0     0
                                 38    32     0     0     0     0     0     0
 Determinants:                       2468        2432           0           0
                                        0           0           0           0
 sr inpint: done reading integrals
 Core energy:                    125.778007624889

 Space symmetry:               1
 Maximum iterations:         ***
 Convergence threshold:         0.0000000
 Output threshold:              0.0500000
 Number of roots:              5

 DIAGONAL ELEMENTS
   1- 10 -141.465365 -135.798327 -133.927850 -135.798327 -132.572628 -131.098332 -128.482638 -127.632591 -125.860984 -132.572628
  11- 20 -130.241903 -127.974022 -125.425315 -127.632591 -124.531463 -124.516982 -122.259942 -120.964716 -118.536887 -133.927850
  21- 30 -130.241903 -128.482638 -126.703072 -124.531463 -123.595985 -125.425315 -123.226274 -120.964716 -119.266408 -125.860984
  31- 40 -123.595985 -122.259942 -120.839030 -119.266408 -116.348108 -118.536887 -116.348108 -113.017330 -135.798327 -129.628692
  41- 50 -128.452918 -131.098332 -127.632591 -126.519035 -124.469651 -122.839036 -121.572763 -126.774397 -125.425315 -123.178291
  51- 60 -120.468626 -123.241921 -120.964716 -119.947246 -118.536887 -117.315567 -114.589745 -128.482638 -124.531463 -122.886871
  61- 70 -121.747195 -118.746623 -118.364873 -120.964716 -118.319047 -116.487416 -115.394689 -120.651518 -119.266408 -116.871409
  71- 80 -116.348108 -114.618401 -111.407145 -114.408766 -113.017330 -109.473604 -133.927850 -128.452918 -126.148697 -128.482638
  81- 90 -125.860984 -124.469651 -121.277352 -121.572763 -119.593812 -125.425315 -122.298349 -121.271122 -118.323304 -120.964716
  91-100 -117.004185 -118.536887 -115.705970 -114.178959 -112.605509 -126.703072 -123.595985 -121.747195 -119.463604 -118.364873
 101-110 -117.319815 -119.266408 -116.449569 -115.394689 -113.298920 -119.266408 -116.232198 -116.348108 -114.448549 -112.464081
 111-120 -110.405197 -113.017330 -110.224218 -107.477835 -135.798327 -131.098332 -128.482638 -129.628692 -126.774397 -126.519035
 121-130 -122.886871 -123.241921 -120.651518 -127.632591 -124.531463 -123.178291 -120.964716 -122.839036 -118.746623 -119.947246
 131-140 -116.871409 -116.487416 -114.408766 -128.452918 -125.425315 -124.469651 -121.747195 -120.964716 -119.266408 -120.468626
 141-150 -118.319047 -117.315567 -114.618401 -121.572763 -118.364873 -118.536887 -116.348108 -115.394689 -113.017330 -114.589745
 151-160 -111.407145 -109.473604 -132.572628 -127.632591 -125.860984 -126.774397 -123.452322 -123.241921 -120.651518 -119.888364
 161-170 -118.252659 -124.516982 -122.259942 -119.964152 -118.536887 -119.947246 -116.871409 -116.967454 -114.871500 -114.408766
 171-180 -112.157992 -125.425315 -121.280497 -120.964716 -119.266408 -116.842929 -116.116931 -116.982151 -115.573957 -113.640019
 181-190 -112.095225 -118.536887 -116.348108 -114.705129 -113.493698 -113.017330 -110.069213 -111.323153 -109.292925 -107.066428
 191-200 -131.098332 -126.519035 -124.469651 -126.519035 -123.241921 -122.906781 -119.969320 -119.598185 -117.383289 -123.241921
 201-210 -120.964716 -119.919948 -117.315567 -119.598185 -116.487416 -116.914898 -114.408766 -114.088108 -111.758593 -124.469651
 211-220 -120.964716 -119.969320 -118.328705 -116.487416 -115.394689 -117.315567 -114.949208 -114.088108 -111.944669 -117.383289
 221-230 -115.394689 -114.408766 -113.017330 -111.944669 -109.473604 -111.758593 -109.473604 -107.090022 -128.482638 -124.469651
 231-240 -121.277352 -122.886871 -120.651518 -119.969320 -115.903410 -117.383289 -114.591273 -120.964716 -117.004185 -117.069888
 241-250 -114.178959 -116.487416 -111.598762 -114.408766 -110.911934 -110.181097 -108.831465 -121.747195 -119.266408 -118.328705
 251-260 -114.784365 -115.394689 -113.298920 -114.618401 -112.136839 -111.944669 -109.137924 -115.394689 -111.202282 -113.017330
 261-270 -110.224218 -108.971553 -107.477835 -109.473604 -105.812357 -104.326386 -127.632591 -122.839036 -121.572763 -123.241921
 271-280 -119.888364 -119.598185 -117.383289 -115.821810 -114.880808 -119.947246 -118.536887 -116.526743 -114.589745 -116.914898
 281-290 -114.408766 -113.272302 -112.157992 -111.758593 -109.304383 -120.964716 -116.842929 -116.487416 -115.394689 -111.888296
 291-300 -112.244141 -113.640019 -112.025051 -110.147332 -109.242427 -114.408766 -113.017330 -110.061353 -110.069213 -109.473604
 301-310 -106.164893 -108.216766 -107.066428 -104.521501 -125.860984 -121.572763 -119.593812 -120.651518 -118.252659 -117.383289
 311-320 -114.591273 -114.880808 -112.811357 -118.536887 -115.705970 -114.829054 -112.605509 -114.408766 -110.911934 -112.157992
 321-330 -109.265797 -108.831465 -107.393832 -119.266408 -116.116931 -115.394689 -113.298920 -112.244141 -110.696260 -112.095225
 331-340 -110.365054 -109.242427 -107.193608 -113.017330 -110.224218 -110.069213 -107.873265 -107.477835 -105.188235 -107.066428
 341-350 -104.266990 -102.601953 -132.572628 -126.774397 -125.425315 -127.632591 -124.516982 -123.241921 -120.964716 -119.947246
 351-360 -118.536887 -123.452322 -121.280497 -119.964152 -116.982151 -119.888364 -116.842929 -116.967454 -114.705129 -113.640019
 361-370 -111.323153 -125.860984 -122.259942 -120.651518 -119.266408 -116.871409 -116.348108 -118.536887 -115.573957 -114.408766
 371-380 -113.017330 -118.252659 -116.116931 -114.871500 -113.493698 -112.095225 -109.292925 -112.157992 -110.069213 -107.066428
 381-390 -130.241903 -125.425315 -122.298349 -124.531463 -122.259942 -120.964716 -117.004185 -118.536887 -115.705970 -121.280497
 391-400 -117.980223 -117.546364 -114.376580 -116.842929 -112.654577 -114.705129 -111.730125 -110.017978 -108.853483 -123.595985
 401-410 -120.839030 -119.266408 -116.232198 -116.348108 -114.448549 -116.348108 -113.193860 -113.017330 -110.224218 -116.116931
 411-420 -112.837288 -113.493698 -111.452588 -109.455472 -107.805543 -110.069213 -106.977392 -104.580188 -127.974022 -123.178291
 421-430 -121.271122 -123.178291 -119.964152 -119.919948 -117.069888 -116.526743 -114.829054 -119.964152 -117.546364 -115.465738
 431-440 -113.626268 -116.526743 -113.166064 -113.483671 -111.275364 -110.783356 -108.713589 -121.271122 -117.546364 -117.069888
 441-450 -115.055956 -113.166064 -112.304504 -113.626268 -113.017330 -110.783356 -108.978905 -114.829054 -112.304504 -111.275364
 451-460 -109.903185 -108.978905 -106.398519 -108.713589 -106.398519 -104.431243 -125.425315 -120.468626 -118.323304 -120.964716
 461-470 -118.536887 -117.315567 -114.178959 -114.589745 -112.605509 -116.982151 -114.376580 -113.626268 -110.270341 -113.640019
 471-480 -110.017978 -111.323153 -108.853483 -107.502076 -106.123324 -119.266408 -116.348108 -114.618401 -112.464081 -111.407145
 481-490 -110.405197 -113.017330 -109.162268 -109.473604 -107.477835 -112.095225 -109.455472 -109.292925 -107.805543 -105.923099
 491-500 -104.084099 -107.066428 -104.580188 -102.166283 -127.632591 -123.241921 -120.964716 -122.839036 -119.947246 -119.598185
 501-510 -116.487416 -116.914898 -114.408766 -119.888364 -116.842929 -116.526743 -113.640019 -115.821810 -111.888296 -113.272302
 511-520 -110.061353 -110.147332 -108.216766 -121.572763 -118.536887 -117.383289 -115.394689 -114.408766 -113.017330 -114.589745
 521-530 -112.025051 -111.758593 -109.473604 -114.880808 -112.244141 -112.157992 -110.069213 -109.242427 -107.066428 -109.304383
 531-540 -106.164893 -104.521501 -124.531463 -120.964716 -117.004185 -118.746623 -116.871409 -116.487416 -111.598762 -114.408766
 541-550 -110.911934 -116.842929 -112.654577 -113.166064 -110.017978 -111.888296 -106.826334 -110.061353 -106.273286 -105.780073
 551-560 -104.804205 -118.364873 -116.348108 -115.394689 -111.202282 -113.017330 -110.224218 -111.407145 -108.702064 -109.473604
 561-570 -105.812357 -112.244141 -107.703748 -110.069213 -106.977392 -105.783877 -104.580188 -106.164893 -102.362095 -101.272431
 571-580 -124.516982 -119.947246 -118.536887 -119.947246 -116.967454 -116.914898 -114.408766 -113.272302 -112.157992 -116.967454
 581-590 -114.705129 -113.483671 -111.323153 -113.272302 -110.061353 -110.255015 -108.317961 -108.216766 -106.122695 -118.536887
 591-600 -114.705129 -114.408766 -113.017330 -110.061353 -110.069213 -111.323153 -109.451028 -108.216766 -107.066428 -112.157992
 601-610 -110.069213 -108.317961 -107.677753 -107.066428 -104.221739 -106.122695 -104.221739 -102.303112 -122.259942 -118.536887
 611-620 -115.705970 -116.871409 -114.871500 -114.408766 -110.911934 -112.157992 -109.265797 -114.705129 -111.730125 -111.275364
 621-630 -108.853483 -110.061353 -106.273286 -108.317961 -105.252459 -104.804205 -103.751896 -116.348108 -113.493698 -113.017330
 631-640 -110.224218 -110.069213 -107.873265 -109.292925 -107.280412 -107.066428 -104.266990 -110.069213 -106.977392 -107.677753
 641-650 -105.133820 -104.580188 -102.759648 -104.221739 -101.176867  -99.898131 -120.964716 -117.315567 -114.178959 -116.487416
 651-660 -114.408766 -114.088108 -110.181097 -111.758593 -108.831465 -113.640019 -110.017978 -110.783356 -107.502076 -110.147332
 661-670 -105.780073 -108.216766 -104.804205 -104.231214 -103.223865 -115.394689 -113.017330 -111.944669 -108.971553 -109.473604
 671-680 -107.477835 -109.473604 -106.207860 -107.090022 -104.326386 -109.242427 -105.783877 -107.066428 -104.580188 -103.346941
 681-690 -102.166283 -104.521501 -101.272431 -100.108368 -118.536887 -114.589745 -112.605509 -114.408766 -112.157992 -111.758593
 691-700 -108.831465 -109.304383 -107.393832 -111.323153 -108.853483 -108.713589 -106.123324 -108.216766 -104.804205 -106.122695
 701-710 -103.751896 -103.223865 -101.748737 -113.017330 -110.069213 -109.473604 -107.477835 -106.164893 -105.188235 -107.066428
 711-720 -104.607142 -104.521501 -102.601953 -107.066428 -104.580188 -104.221739 -102.759648 -102.166283  -99.868411 -102.303112
 721-730  -99.898131  -98.468838 -133.927850 -128.482638 -126.703072 -128.452918 -125.425315 -124.469651 -121.747195 -120.964716
 731-740 -119.266408 -125.860984 -123.595985 -121.271122 -119.266408 -121.572763 -118.364873 -118.536887 -116.348108 -115.394689
 741-750 -113.017330 -126.148697 -122.298349 -121.277352 -119.463604 -117.004185 -116.232198 -118.323304 -116.449569 -114.178959
 751-760 -112.464081 -119.593812 -117.319815 -115.705970 -114.448549 -113.298920 -110.224218 -112.605509 -110.405197 -107.477835
 761-770 -130.241903 -124.531463 -123.595985 -125.425315 -121.280497 -120.964716 -119.266408 -116.842929 -116.116931 -122.259942
 771-780 -120.839030 -117.546364 -116.348108 -118.536887 -116.348108 -114.705129 -113.493698 -113.017330 -110.069213 -122.298349
 781-790 -117.980223 -117.004185 -116.232198 -112.654577 -112.837288 -114.376580 -113.193860 -110.017978 -109.455472 -115.705970
 791-800 -114.448549 -111.730125 -111.452588 -110.224218 -106.977392 -108.853483 -107.805543 -104.580188 -128.482638 -122.886871
 801-810 -121.747195 -124.469651 -120.964716 -119.969320 -118.328705 -116.487416 -115.394689 -120.651518 -119.266408 -117.069888
 811-820 -114.618401 -117.383289 -115.394689 -114.408766 -113.017330 -111.944669 -109.473604 -121.277352 -117.004185 -115.903410
 821-830 -114.784365 -111.598762 -111.202282 -114.178959 -112.136839 -110.181097 -108.971553 -114.591273 -113.298920 -110.911934
 831-840 -110.224218 -109.137924 -105.812357 -108.831465 -107.477835 -104.326386 -126.703072 -121.747195 -119.463604 -121.747195
 841-850 -119.266408 -118.328705 -114.784365 -115.394689 -113.298920 -119.266408 -116.232198 -115.055956 -112.464081 -115.394689
 851-860 -111.202282 -113.017330 -110.224218 -108.971553 -107.477835 -119.463604 -116.232198 -114.784365 -112.536872 -111.202282
 861-870 -110.228683 -112.464081 -110.160599 -108.971553 -107.049330 -113.298920 -110.228683 -110.224218 -108.545802 -107.049330
 871-880 -104.703646 -107.477835 -104.703646 -102.398878 -124.531463 -118.746623 -118.364873 -120.964716 -116.842929 -116.487416
 881-890 -115.394689 -111.888296 -112.244141 -116.871409 -116.348108 -113.166064 -111.407145 -114.408766 -113.017330 -110.061353
 891-900 -110.069213 -109.473604 -106.164893 -117.004185 -112.654577 -111.598762 -111.202282 -106.826334 -107.703748 -110.017978
 901-910 -108.702064 -105.780073 -105.783877 -110.911934 -110.224218 -106.273286 -106.977392 -105.812357 -102.362095 -104.804205
 911-920 -104.580188 -101.272431 -123.595985 -118.364873 -117.319815 -119.266408 -116.116931 -115.394689 -113.298920 -112.244141
 921-930 -110.696260 -116.348108 -114.448549 -112.304504 -110.405197 -113.017330 -110.224218 -110.069213 -107.873265 -107.477835
 931-940 -105.188235 -116.232198 -112.837288 -111.202282 -110.228683 -107.703748 -107.452714 -109.455472 -107.878195 -105.783877
 941-950 -104.644765 -110.224218 -108.545802 -106.977392 -105.903614 -104.703646 -102.269960 -104.580188 -102.672845 -100.189011
 951-960 -125.425315 -120.964716 -119.266408 -120.468626 -116.982151 -117.315567 -114.618401 -113.640019 -112.095225 -118.536887
 961-970 -116.348108 -113.626268 -113.017330 -114.589745 -111.407145 -111.323153 -109.292925 -109.473604 -107.066428 -118.323304
 971-980 -114.376580 -114.178959 -112.464081 -110.017978 -109.455472 -110.270341 -109.162268 -107.502076 -105.923099 -112.605509
 981-990 -110.405197 -108.853483 -107.805543 -107.477835 -104.580188 -106.123324 -104.084099 -102.166283 -123.226274 -118.319047
 991-*** -116.449569 -118.319047 -115.573957 -114.949208 -112.136839 -112.025051 -110.365054 -115.573957 -113.193860 -113.017330
1001-*** -109.162268 -112.025051 -108.702064 -109.451028 -107.280412 -106.207860 -104.607142 -116.449569 -113.193860 -112.136839
1011-*** -110.160599 -108.702064 -107.878195 -109.162268 -106.537738 -106.207860 -104.441100 -110.365054 -107.878195 -107.280412
1021-*** -105.945924 -104.441100 -102.329763 -104.607142 -102.329763 -100.250990 -120.964716 -116.487416 -115.394689 -117.315567
1031-*** -113.640019 -114.088108 -111.944669 -110.147332 -109.242427 -114.408766 -113.017330 -110.783356 -109.473604 -111.758593
1041-*** -109.473604 -108.216766 -107.066428 -107.090022 -104.521501 -114.178959 -110.017978 -110.181097 -108.971553 -105.780073
1051-*** -105.783877 -107.502076 -106.207860 -104.231214 -103.346941 -108.831465 -107.477835 -104.804205 -104.580188 -104.326386
1061-*** -101.272431 -103.223865 -102.166283 -100.108368 -119.266408 -115.394689 -113.298920 -114.618401 -112.095225 -111.944669
1071-*** -109.137924 -109.242427 -107.193608 -113.017330 -110.224218 -108.978905 -107.477835 -109.473604 -105.812357 -107.066428
1081-*** -104.266990 -104.326386 -102.601953 -112.464081 -109.455472 -108.971553 -107.049330 -105.783877 -104.644765 -105.923099
1091-*** -104.441100 -103.346941 -101.334219 -107.477835 -104.703646 -104.580188 -102.672845 -102.398878 -100.189011 -102.166283
1101-***  -99.330817  -98.254545 -125.860984 -120.651518 -119.266408 -121.572763 -118.536887 -117.383289 -115.394689 -114.408766
1111-*** -113.017330 -118.252659 -116.116931 -114.829054 -112.095225 -114.880808 -112.244141 -112.157992 -110.069213 -109.242427
1121-*** -107.066428 -119.593812 -115.705970 -114.591273 -113.298920 -110.911934 -110.224218 -112.605509 -110.365054 -108.831465
1131-*** -107.477835 -112.811357 -110.696260 -109.265797 -107.873265 -107.193608 -104.266990 -107.393832 -105.188235 -102.601953
1141-*** -123.595985 -119.266408 -116.232198 -118.364873 -116.348108 -115.394689 -111.202282 -113.017330 -110.224218 -116.116931
1151-*** -112.837288 -112.304504 -109.455472 -112.244141 -107.703748 -110.069213 -106.977392 -105.783877 -104.580188 -117.319815
1161-*** -114.448549 -113.298920 -110.228683 -110.224218 -108.545802 -110.405197 -107.878195 -107.477835 -104.703646 -110.696260
1171-*** -107.452714 -107.873265 -105.903614 -104.644765 -102.672845 -105.188235 -102.269960 -100.189011 -122.259942 -116.871409
1181-*** -116.348108 -118.536887 -114.705129 -114.408766 -113.017330 -110.061353 -110.069213 -114.871500 -113.493698 -111.275364
1191-*** -109.292925 -112.157992 -110.069213 -108.317961 -107.677753 -107.066428 -104.221739 -115.705970 -111.730125 -110.911934
1201-*** -110.224218 -106.273286 -106.977392 -108.853483 -107.280412 -104.804205 -104.580188 -109.265797 -107.873265 -105.252459
1211-*** -105.133820 -104.266990 -101.176867 -103.751896 -102.759648  -99.898131 -120.839030 -116.348108 -114.448549 -116.348108
1221-*** -113.493698 -113.017330 -110.224218 -110.069213 -107.873265 -113.493698 -111.452588 -109.903185 -107.805543 -110.069213
1231-*** -106.977392 -107.677753 -105.133820 -104.580188 -102.759648 -114.448549 -111.452588 -110.224218 -108.545802 -106.977392
1241-*** -105.903614 -107.805543 -105.945924 -104.580188 -102.672845 -107.873265 -105.903614 -105.133820 -103.886734 -102.672845
1251-*** -100.624484 -102.759648 -100.624484  -98.329277 -119.266408 -114.618401 -112.464081 -115.394689 -113.017330 -111.944669
1261-*** -108.971553 -109.473604 -107.477835 -112.095225 -109.455472 -108.978905 -105.923099 -109.242427 -105.783877 -107.066428
1271-*** -104.580188 -103.346941 -102.166283 -113.298920 -110.224218 -109.137924 -107.049330 -105.812357 -104.703646 -107.477835
1281-*** -104.441100 -104.326386 -102.398878 -107.193608 -104.644765 -104.266990 -102.672845 -101.334219  -99.330817 -102.601953
1291-*** -100.189011  -98.254545 -116.348108 -111.407145 -110.405197 -113.017330 -110.069213 -109.473604 -107.477835 -106.164893
1301-*** -105.188235 -109.292925 -107.805543 -106.398519 -104.084099 -107.066428 -104.580188 -104.221739 -102.759648 -102.166283
1311-***  -99.868411 -110.224218 -106.977392 -105.812357 -104.703646 -102.362095 -102.269960 -104.580188 -102.329763 -101.272431
1321-*** -100.189011 -104.266990 -102.672845 -101.176867 -100.624484  -99.330817  -96.859637  -99.898131  -98.329277  -96.154767
1331-*** -118.536887 -114.408766 -113.017330 -114.589745 -111.323153 -111.758593 -109.473604 -108.216766 -107.066428 -112.157992
1341-*** -110.069213 -108.713589 -107.066428 -109.304383 -106.164893 -106.122695 -104.221739 -104.521501 -102.303112 -112.605509
1351-*** -108.853483 -108.831465 -107.477835 -104.804205 -104.580188 -106.123324 -104.607142 -103.223865 -102.166283 -107.393832
1361-*** -105.188235 -103.751896 -102.759648 -102.601953  -99.898131 -101.748737  -99.868411  -98.468838 -116.348108 -113.017330
1371-*** -110.224218 -111.407145 -109.292925 -109.473604 -105.812357 -107.066428 -104.266990 -110.069213 -106.977392 -106.398519
1381-*** -104.580188 -106.164893 -102.362095 -104.221739 -101.176867 -101.272431  -99.898131 -110.405197 -107.805543 -107.477835
1391-*** -104.703646 -104.580188 -102.672845 -104.084099 -102.329763 -102.166283  -99.330817 -105.188235 -102.269960 -102.759648
1401-*** -100.624484 -100.189011  -98.329277  -99.868411  -96.859637  -96.154767 -113.017330 -109.473604 -107.477835 -109.473604
1411-*** -107.066428 -107.090022 -104.326386 -104.521501 -102.601953 -107.066428 -104.580188 -104.431243 -102.166283 -104.521501
1421-*** -101.272431 -102.303112  -99.898131 -100.108368  -98.468838 -107.477835 -104.580188 -104.326386 -102.398878 -101.272431
1431-*** -100.189011 -102.166283 -100.250990 -100.108368  -98.254545 -102.601953 -100.189011  -99.898131  -98.329277  -98.254545
1441-***  -96.154767  -98.468838  -96.154767  -94.947301 -134.331767 -130.840240 -131.098332 -128.482638 -126.707312 -124.469651
1451-*** -130.840240 -127.974022 -126.707312 -123.783567 -123.178291 -121.271122 -123.178291 -120.964716 -119.919948 -117.069888
1461-*** -128.482638 -126.703072 -123.783567 -121.747195 -124.469651 -121.747195 -120.964716 -119.266408 -118.328705 -115.394689
1471-*** -121.271122 -119.266408 -117.069888 -115.055956 -115.394689 -113.017330 -130.840240 -126.880934 -127.632591 -125.860984
1481-*** -123.119409 -121.572763 -127.974022 -124.148495 -123.178291 -121.271122 -119.561267 -118.633981 -119.964152 -118.536887
1491-*** -116.526743 -114.829054 -124.531463 -123.595985 -119.659861 -118.364873 -120.964716 -119.266408 -116.842929 -116.116931
1501-*** -115.394689 -112.244141 -117.546364 -116.348108 -113.166064 -112.304504 -113.017330 -110.069213 -131.098332 -127.632591
1511-*** -126.618310 -124.273869 -123.241921 -120.627391 -127.632591 -124.516982 -123.241921 -120.964716 -119.947246 -118.536887
1521-*** -119.947246 -117.124375 -116.914898 -114.408766 -124.273869 -123.226274 -120.964716 -118.319047 -120.627391 -118.319047
1531-*** -117.124375 -115.573957 -114.949208 -112.025051 -118.536887 -115.573957 -114.408766 -113.017330 -112.025051 -109.451028
1541-*** -128.482638 -125.860984 -124.273869 -120.800979 -120.651518 -117.849204 -124.531463 -122.259942 -120.964716 -117.004185
1551-*** -118.536887 -115.705970 -116.871409 -113.810385 -114.408766 -110.911934 -123.226274 -120.274954 -119.266408 -116.449569
1561-*** -118.319047 -114.866788 -115.573957 -113.360232 -112.136839 -110.365054 -116.348108 -113.193860 -113.017330 -110.224218
1571-*** -108.702064 -107.280412 -126.707312 -123.119409 -123.241921 -120.651518 -118.855288 -117.383289 -123.178291 -119.964152
1581-*** -119.919948 -117.069888 -116.526743 -114.829054 -115.668549 -114.408766 -113.638701 -110.949728 -120.964716 -119.266408
1591-*** -116.090442 -115.394689 -117.315567 -114.618401 -113.640019 -112.095225 -111.944669 -109.242427 -113.626268 -113.017330
1601-*** -110.783356 -108.978905 -109.473604 -107.066428 -124.469651 -121.572763 -120.627391 -117.849204 -117.383289 -114.394832
1611-*** -120.964716 -118.536887 -117.315567 -114.178959 -114.589745 -112.605509 -114.408766 -110.727416 -111.758593 -108.831465
1621-*** -118.319047 -116.449569 -115.394689 -112.107120 -114.949208 -112.136839 -112.025051 -110.365054 -109.256335 -107.295477
1631-*** -113.017330 -109.162268 -109.473604 -107.477835 -106.207860 -104.607142 -130.840240 -127.974022 -127.632591 -124.531463
1641-*** -123.178291 -120.964716 -126.880934 -124.148495 -123.119409 -119.659861 -119.964152 -117.546364 -119.561267 -116.842929
1651-*** -116.526743 -113.166064 -125.860984 -123.595985 -121.271122 -119.266408 -121.572763 -118.364873 -118.536887 -116.348108
1661-*** -115.394689 -113.017330 -118.633981 -116.116931 -114.829054 -112.304504 -112.244141 -110.069213 -127.974022 -124.148495
1671-*** -124.516982 -122.259942 -119.964152 -118.536887 -124.148495 -120.948278 -119.964152 -117.546364 -116.732452 -115.269363
1681-*** -116.732452 -114.705129 -113.483671 -111.275364 -122.259942 -120.839030 -117.546364 -116.348108 -118.536887 -116.348108
1691-*** -114.705129 -113.493698 -113.017330 -110.069213 -115.269363 -113.493698 -111.275364 -109.903185 -110.069213 -107.677753
1701-*** -126.707312 -123.178291 -123.241921 -120.964716 -119.919948 -117.315567 -123.119409 -119.964152 -118.855288 -116.090442
1711-*** -115.668549 -113.626268 -116.526743 -113.640019 -113.638701 -110.783356 -120.651518 -119.266408 -117.069888 -114.618401
1721-*** -117.383289 -115.394689 -114.408766 -113.017330 -111.944669 -109.473604 -114.829054 -112.095225 -110.949728 -108.978905
1731-*** -109.242427 -107.066428 -123.783567 -121.271122 -120.964716 -117.004185 -117.069888 -114.178959 -119.659861 -117.546364
1741-*** -116.090442 -112.197148 -113.626268 -111.006868 -113.166064 -110.017978 -110.783356 -107.215333 -119.266408 -116.232198
1751-*** -115.055956 -112.464081 -115.394689 -111.202282 -113.017330 -110.224218 -108.971553 -107.477835 -112.304504 -109.455472
1761-*** -108.978905 -106.344775 -105.783877 -104.580188 -123.178291 -119.561267 -119.947246 -118.536887 -116.526743 -114.589745
1771-*** -119.964152 -116.732452 -115.668549 -113.626268 -112.014030 -111.245644 -113.483671 -111.323153 -110.355586 -108.713589
1781-*** -116.871409 -116.348108 -113.166064 -111.407145 -114.408766 -113.017330 -110.061353 -110.069213 -109.473604 -106.164893
1791-*** -111.275364 -109.292925 -107.130808 -106.398519 -107.066428 -104.221739 -121.271122 -118.633981 -118.536887 -115.705970
1801-*** -114.829054 -112.605509 -117.546364 -115.269363 -113.626268 -111.006868 -111.245644 -109.348809 -111.275364 -108.853483
1811-*** -108.713589 -105.928677 -116.348108 -114.448549 -112.304504 -110.405197 -113.017330 -110.224218 -110.069213 -107.873265
1821-*** -107.477835 -105.188235 -109.903185 -107.805543 -106.398519 -104.522315 -104.580188 -102.759648 -123.178291 -119.964152
1831-*** -119.947246 -116.871409 -115.668549 -114.408766 -119.561267 -116.732452 -116.526743 -113.166064 -113.483671 -111.275364
1841-*** -112.014030 -110.061353 -110.355586 -107.130808 -118.536887 -116.348108 -113.626268 -113.017330 -114.589745 -111.407145
1851-*** -111.323153 -109.292925 -109.473604 -107.066428 -111.245644 -110.069213 -108.713589 -106.398519 -106.164893 -104.221739
1861-*** -120.964716 -118.536887 -117.124375 -113.810385 -114.408766 -110.727416 -116.842929 -114.705129 -113.640019 -110.017978
1871-*** -111.323153 -108.853483 -110.061353 -106.592220 -108.216766 -104.804205 -115.573957 -113.193860 -113.017330 -109.162268
1881-*** -112.025051 -108.702064 -109.451028 -107.280412 -106.207860 -104.607142 -110.069213 -106.300966 -107.066428 -104.580188
1891-*** -102.995881 -101.794112 -119.919948 -116.526743 -116.914898 -114.408766 -113.638701 -111.758593 -116.526743 -113.483671
1901-*** -113.638701 -110.783356 -110.355586 -108.713589 -110.355586 -108.216766 -108.194545 -105.664470 -114.408766 -113.017330
1911-*** -110.783356 -109.473604 -111.758593 -109.473604 -108.216766 -107.066428 -107.090022 -104.521501 -108.713589 -107.066428
1921-*** -105.664470 -104.431243 -104.521501 -102.303112 -117.069888 -114.829054 -114.408766 -110.911934 -110.949728 -108.831465
1931-*** -113.166064 -111.275364 -110.783356 -107.215333 -108.713589 -105.928677 -107.130808 -104.804205 -105.664470 -102.005948
1941-*** -113.017330 -110.224218 -108.978905 -107.477835 -109.473604 -105.812357 -107.066428 -104.266990 -104.326386 -102.601953
1951-*** -106.398519 -104.580188 -104.431243 -101.294289 -101.272431  -99.898131 -128.482638 -124.531463 -124.273869 -123.226274
1961-*** -120.964716 -118.319047 -125.860984 -122.259942 -120.651518 -119.266408 -116.871409 -116.348108 -118.536887 -115.573957
1971-*** -114.408766 -113.017330 -120.800979 -120.274954 -117.004185 -114.866788 -117.849204 -116.449569 -113.810385 -113.193860
1981-*** -112.136839 -108.702064 -115.705970 -113.360232 -110.911934 -110.224218 -110.365054 -107.280412 -126.703072 -123.595985
1991-*** -123.226274 -120.274954 -119.266408 -116.449569 -123.595985 -120.839030 -119.266408 -116.232198 -116.348108 -114.448549
2001-*** -116.348108 -113.193860 -113.017330 -110.224218 -120.274954 -118.620481 -116.232198 -113.907018 -116.449569 -113.907018
2011-*** -113.193860 -111.864658 -110.160599 -107.878195 -114.448549 -111.864658 -110.224218 -108.545802 -107.878195 -105.945924
2021-*** -123.783567 -119.659861 -120.964716 -119.266408 -116.090442 -115.394689 -121.271122 -117.546364 -117.069888 -115.055956
2031-*** -113.166064 -112.304504 -113.626268 -113.017330 -110.783356 -108.978905 -117.004185 -116.232198 -112.197148 -111.202282
2041-*** -114.178959 -112.464081 -110.017978 -109.455472 -108.971553 -105.783877 -111.006868 -110.224218 -107.215333 -106.344775
2051-*** -107.477835 -104.580188 -121.747195 -118.364873 -118.319047 -116.449569 -115.394689 -112.107120 -119.266408 -116.348108
2061-*** -114.618401 -112.464081 -111.407145 -110.405197 -113.017330 -109.162268 -109.473604 -107.477835 -114.866788 -113.907018
2071-*** -111.202282 -108.690959 -112.136839 -110.160599 -108.702064 -107.878195 -106.534877 -104.038215 -110.224218 -107.020001
2081-*** -105.812357 -104.703646 -104.441100 -102.329763 -124.469651 -120.964716 -120.627391 -118.319047 -117.315567 -114.949208
2091-*** -121.572763 -118.536887 -117.383289 -115.394689 -114.408766 -113.017330 -114.589745 -112.025051 -111.758593 -109.473604
2101-*** -117.849204 -116.449569 -114.178959 -112.136839 -114.394832 -112.107120 -110.727416 -109.162268 -109.256335 -106.207860
2111-*** -112.605509 -110.365054 -108.831465 -107.477835 -107.295477 -104.607142 -121.747195 -119.266408 -118.319047 -114.866788
2121-*** -114.618401 -112.136839 -118.364873 -116.348108 -115.394689 -111.202282 -113.017330 -110.224218 -111.407145 -108.702064
2131-*** -109.473604 -105.812357 -116.449569 -113.907018 -112.464081 -110.160599 -112.107120 -108.690959 -109.162268 -107.020001
2141-*** -106.534877 -104.441100 -110.405197 -107.878195 -107.477835 -104.703646 -104.038215 -102.329763 -120.964716 -116.842929
2151-*** -117.124375 -115.573957 -113.640019 -112.025051 -118.536887 -114.705129 -114.408766 -113.017330 -110.061353 -110.069213
2161-*** -111.323153 -109.451028 -108.216766 -107.066428 -113.810385 -113.193860 -110.017978 -108.702064 -110.727416 -109.162268
2171-*** -106.592220 -106.300966 -106.207860 -102.995881 -108.853483 -107.280412 -104.804205 -104.580188 -104.607142 -101.794112
2181-*** -119.266408 -116.116931 -115.573957 -113.360232 -112.095225 -110.365054 -116.348108 -113.493698 -113.017330 -110.224218
2191-*** -110.069213 -107.873265 -109.292925 -107.280412 -107.066428 -104.266990 -113.193860 -111.864658 -109.455472 -107.878195
2201-*** -109.162268 -107.020001 -106.300966 -104.881265 -104.441100 -102.270882 -107.805543 -105.945924 -104.580188 -102.672845
2211-*** -102.329763 -100.533309 -118.328705 -115.394689 -114.949208 -112.136839 -111.944669 -109.256335 -115.394689 -113.017330
2221-*** -111.944669 -108.971553 -109.473604 -107.477835 -109.473604 -106.207860 -107.090022 -104.326386 -112.136839 -110.160599
2231-*** -108.971553 -106.534877 -109.256335 -106.534877 -106.207860 -104.441100 -103.876198 -101.750939 -107.477835 -104.441100
2241-*** -104.326386 -102.398878 -101.750939 -100.250990 -115.394689 -112.244141 -112.025051 -110.365054 -109.242427 -107.295477
2251-*** -113.017330 -110.069213 -109.473604 -107.477835 -106.164893 -105.188235 -107.066428 -104.607142 -104.521501 -102.601953
2261-*** -108.702064 -107.878195 -105.783877 -104.038215 -106.207860 -104.441100 -102.995881 -102.270882 -101.750939  -99.157902
2271-*** -104.580188 -102.329763 -101.272431 -100.189011 -100.250990  -97.791732 -121.271122 -117.546364 -118.536887 -116.348108
2281-*** -113.626268 -113.017330 -118.633981 -115.269363 -114.829054 -112.304504 -111.275364 -109.903185 -111.245644 -110.069213
2291-*** -108.713589 -106.398519 -115.705970 -114.448549 -111.006868 -110.224218 -112.605509 -110.405197 -108.853483 -107.805543
2301-*** -107.477835 -104.580188 -109.348809 -107.873265 -105.928677 -104.522315 -105.188235 -102.759648 -119.266408 -116.348108
2311-*** -115.573957 -113.193860 -113.017330 -109.162268 -116.116931 -113.493698 -112.095225 -109.455472 -109.292925 -107.805543
2321-*** -110.069213 -106.300966 -107.066428 -104.580188 -113.360232 -111.864658 -110.224218 -107.020001 -110.365054 -107.878195
2331-*** -107.280412 -105.945924 -104.441100 -102.329763 -107.873265 -104.881265 -104.266990 -102.672845 -102.270882 -100.533309
2341-*** -117.069888 -113.166064 -114.408766 -113.017330 -110.783356 -109.473604 -114.829054 -111.275364 -110.949728 -108.978905
2351-*** -107.130808 -106.398519 -108.713589 -107.066428 -105.664470 -104.431243 -110.911934 -110.224218 -107.215333 -105.812357
2361-*** -108.831465 -107.477835 -104.804205 -104.580188 -104.326386 -101.272431 -105.928677 -104.266990 -102.005948 -101.294289
2371-*** -102.601953  -99.898131 -115.055956 -112.304504 -113.017330 -110.224218 -108.978905 -107.477835 -112.304504 -109.903185
2381-*** -108.978905 -106.344775 -106.398519 -104.522315 -106.398519 -104.580188 -104.431243 -101.294289 -110.224218 -108.545802
2391-*** -106.344775 -104.703646 -107.477835 -104.703646 -104.580188 -102.672845 -102.398878 -100.189011 -104.522315 -102.672845
2401-*** -101.294289  -99.454183 -100.189011  -98.329277 -115.394689 -113.017330 -112.025051 -108.702064 -109.473604 -106.207860
2411-*** -112.244141 -110.069213 -109.242427 -105.783877 -107.066428 -104.580188 -106.164893 -102.995881 -104.521501 -101.272431
2421-*** -110.365054 -107.878195 -107.477835 -104.441100 -107.295477 -104.038215 -104.607142 -102.329763 -101.750939 -100.250990
2431-*** -105.188235 -102.270882 -102.601953 -100.189011  -99.157902  -97.791732 -113.017330 -110.069213 -109.451028 -107.280412
2441-*** -107.066428 -104.607142 -110.069213 -107.677753 -107.066428 -104.580188 -104.221739 -102.759648 -104.221739 -101.794112
2451-*** -102.303112  -99.898131 -107.280412 -105.945924 -104.580188 -102.329763 -104.607142 -102.329763 -101.794112 -100.533309
2461-*** -100.250990  -97.791732 -102.759648 -100.533309  -99.898131  -98.329277  -97.791732  -95.957783

 Initial configuration generated:
       1      1.0000000    -15.6873570

 It  Tr    CPU  Convergence   Energy

  1   1    0.0  1.00000000    -15.687356966
  2   2    0.0  0.95363328    -16.732858439     -5.191014086
  3   3    0.0  0.73918615    -16.809623424     -9.620765405      0.198544678
  4   4    0.0  0.72170447    -16.817098331    -11.488319519     -5.213004411      7.596363980
  5   4    0.0  0.56669747    -16.818450837    -12.034146184     -8.371571506     -1.741603945     12.674231604
  6   5    0.0  0.49830287    -16.823607655    -12.129809125     -9.334444076     -4.340362341      6.673057111
  7   5    0.0  0.51946674    -16.827521407    -12.133528806     -9.459451263     -5.643819104      0.981232694
  8   5    0.0  0.40005855    -16.827593980    -12.136751482     -9.464104236     -6.402980702     -2.620434418
  9   4    0.1  0.25746357    -16.828252404    -12.149213718     -9.464577115     -7.376449327     -4.610883418
 10   4    0.1  0.35313895    -16.828357487    -12.219415350     -9.475700698     -9.315649193     -5.203843600
 11   3    0.1  0.23779461    -16.829031398    -12.252492435    -10.314343614     -9.471963088     -5.651490072
 12   5    0.1  0.16770409    -16.829223698    -12.253988047    -10.673605776     -9.478179505     -6.132903797
 13   5    0.1  0.21209310    -16.829230970    -12.266380806    -10.755570831     -9.493877595     -6.699785438
 14   5    0.1  0.31286278    -16.829231038    -12.278082690    -10.809688404     -9.500026891     -7.659709003
 15   5    0.1  0.28996399    -16.829235255    -12.281799848    -10.859533287     -9.520940206     -8.863596856
 16   4    0.1  0.32696198    -16.829304152    -12.283846338    -10.957402202    -10.183726015     -9.450248546
 17   3    0.1  0.14442220    -16.829378383    -12.296738351    -11.206299774    -10.691351211     -9.454929961
 18   3    0.1  0.11112526    -16.829784761    -12.297048729    -11.419969579    -10.725682791     -9.457962853
 19   3    0.1  0.06406199    -16.829786775    -12.326776313    -11.486504151    -10.739209855     -9.463105058
 20   3    0.1  0.04137292    -16.829793692    -12.327598138    -11.514196681    -10.752258045     -9.463950130
 21   4    0.1  0.04385463    -16.829793856    -12.337470962    -11.530773259    -10.777539489     -9.467038406
 22   4    0.1  0.06699752    -16.829843507    -12.339737634    -11.534080183    -10.849124217     -9.467508130
 23   4    0.2  0.03270447    -16.829879473    -12.351457894    -11.535859967    -10.869292772     -9.478396150
 24   5    0.2  0.03227177    -16.830049981    -12.361911891    -11.536972902    -10.875566191     -9.495103578
 25   5    0.2  0.09736653    -16.832919840    -12.409952837    -11.536977292    -10.875772919     -9.620258623
 26   5    0.2  0.03855446    -16.837970691    -12.426084013    -11.537151416    -10.875806091     -9.642397392
 27   2    0.2  0.03273661    -16.839276971    -12.451530546    -11.537157902    -10.875806106     -9.647335806
 28   2    0.2  0.22110686    -16.841023306    -12.995756249    -11.537201710    -10.875811367     -9.647376382
 29   2    0.2  0.07306180    -16.843228914    -13.094693448    -11.537204545    -10.875825639     -9.647413418
 30   2    0.2  0.02558505    -16.844913773    -13.111896161    -11.537356665    -10.875826097     -9.647414431
 31   2    0.2  0.01071735    -16.845648155    -13.114776737    -11.537392640    -10.875832415     -9.647453377
 32   1    0.2  0.00495314    -16.846273387    -13.115193802    -11.537411994    -10.875837596     -9.647570063
 33   1    0.2  0.03859502    -16.871417508    -13.115196474    -11.537442110    -10.875840466     -9.647570663
 34   1    0.2  0.00677707    -16.872549132    -13.115196516    -11.537442122    -10.875930258     -9.647683242
 35   3    0.3  0.00449970    -16.872645729    -13.115196961    -11.537849064    -10.875931102     -9.647685906
 36   3    0.3  0.01252023    -16.872645986    -13.115197028    -11.541129786    -10.876096920     -9.647696662
 37   3    0.3  0.00504930    -16.872646042    -13.115199271    -11.541685822    -10.876099929     -9.647767091
 38   5    0.3  0.00267725    -16.872646570    -13.115200110    -11.541807617    -10.876111719     -9.647895432
 39   5    0.3  0.00966789    -16.872646743    -13.115209003    -11.541809636    -10.876120165     -9.649394372
 40   5    0.3  0.00448732    -16.872646774    -13.115216174    -11.541810032    -10.876147053     -9.649723303
 41   5    0.3  0.00246236    -16.872646897    -13.115224302    -11.541811801    -10.876190138     -9.649817892
 42   4    0.3  0.00259118    -16.872646929    -13.115227904    -11.541813900    -10.876286913     -9.649880602
 43   4    0.3  0.00672884    -16.872646934    -13.115228186    -11.541813934    -10.877247823     -9.649883500
 44   4    0.3  0.00328235    -16.872647061    -13.115232370    -11.541815882    -10.877433839     -9.649886504
 45   4    0.3  0.00150330    -16.872647393    -13.115234105    -11.541816503    -10.877476742     -9.649892591
 46   4    0.3  0.00068177    -16.872647564    -13.115234898    -11.541816651    -10.877485798     -9.649892798
 47   4    0.4  0.00034001    -16.872647711    -13.115236632    -11.541816820    -10.877488031     -9.649893392
 48   5    0.4  0.00020061    -16.872648206    -13.115236632    -11.541816929    -10.877488598     -9.649894125
 49   5    0.4  0.00154805    -16.872648231    -13.115238977    -11.541817833    -10.877488605     -9.649932428
 50   5    0.4  0.00089336    -16.872648517    -13.115238977    -11.541817891    -10.877488607     -9.649946550
 51   5    0.4  0.00048607    -16.872648560    -13.115239012    -11.541817891    -10.877488608     -9.649950503
 52   5    0.4  0.00034175    -16.872648562    -13.115239334    -11.541818089    -10.877488609     -9.649952126
 53   3    0.4  0.00023085    -16.872649127    -13.115239460    -11.541819220    -10.877488617     -9.649952745
 54   3    0.4  0.00078547    -16.872649430    -13.115240138    -11.541833485    -10.877488622     -9.649952749
 55   3    0.4  0.00025121    -16.872649448    -13.115240771    -11.541834962    -10.877488624     -9.649952756
 56   2    0.5  0.00017117    -16.872649619    -13.115241533    -11.541835144    -10.877488625     -9.649952757
 57   2    0.5  0.00113415    -16.872649858    -13.115271692    -11.541835145    -10.877488626     -9.649952761
 58   2    0.5  0.00035366    -16.872649909    -13.115274773    -11.541835145    -10.877488626     -9.649952765
 59   2    0.5  0.00011546    -16.872649934    -13.115275116    -11.541835145    -10.877488627     -9.649952767
 60   2    0.5  0.00003525    -16.872649939    -13.115275148    -11.541835145    -10.877488627     -9.649952767
 61   1    0.5  0.00004330    -16.872649994    -13.115275152    -11.541835147    -10.877488631     -9.649952768
 62   1    0.5  0.00040260    -16.872654590    -13.115275152    -11.541835147    -10.877488633     -9.649952783
 63   1    0.5  0.00009591    -16.872654864    -13.115275152    -11.541835147    -10.877488633     -9.649952786
 64   1    0.5  0.00003015    -16.872654890    -13.115275152    -11.541835148    -10.877488634     -9.649952787
 65   5    0.6  0.00001174    -16.872654893    -13.115275152    -11.541835149    -10.877488635     -9.649952790
 66   5    0.6  0.00011664    -16.872654893    -13.115275152    -11.541835150    -10.877488639     -9.649953042
 67   5    0.6  0.00005942    -16.872654893    -13.115275152    -11.541835150    -10.877488643     -9.649953105
 68   5    0.6  0.00002686    -16.872654893    -13.115275152    -11.541835150    -10.877488654     -9.649953118
 69   5    0.6  0.00006287    -16.872654893    -13.115275152    -11.541835150    -10.877488663     -9.649953134
 70   3    0.6  0.40850087    -16.872654893    -13.115275153    -12.823789744    -11.541835150    -10.877488654
 71   2    0.6  0.17810989    -16.872654893    -13.758441583    -13.115275152    -11.541835150    -10.877488658
 72   2    0.7  0.08736103    -16.872654893    -13.916392235    -13.115275152    -11.541835150    -10.877488658
 73   2    0.7  0.03535086    -16.872654893    -13.941570185    -13.115275152    -11.541835150    -10.877488658
 74   2    0.7  0.01272052    -16.872654893    -13.945108498    -13.115275152    -11.541835150    -10.877488659
 75   2    0.7  0.00601411    -16.872654893    -13.945794971    -13.115275152    -11.541835151    -10.877488659
 76   2    0.7  0.00431040    -16.872654893    -13.946104841    -13.115275152    -11.541835151    -10.877488659
 77   5    0.7  0.33068567    -16.872654893    -13.946352227    -13.115275152    -11.541835151    -11.342924034
 78   4    0.7  0.20217237    -16.872654893    -13.946444390    -13.115275152    -12.129229437    -11.541835151
 79   4    0.7  0.10093839    -16.872654893    -13.946456045    -13.115275152    -12.299174195    -11.541835151
 80   4    0.8  0.06504811    -16.872654893    -13.946459121    -13.115275152    -12.366663211    -11.541835151
 81   4    0.8  0.03861869    -16.872654893    -13.946460864    -13.115275152    -12.394591177    -11.541835151
 82   4    0.8  0.02544549    -16.872654893    -13.946461968    -13.115275152    -12.406418962    -11.541835151
 83   4    0.8  0.02040177    -16.872654893    -13.946462299    -13.115275152    -12.412646910    -11.541835151
 84   4    0.8  0.01931486    -16.872654893    -13.946462317    -13.115275152    -12.416963297    -11.541835151
 85   4    0.8  0.01335969    -16.872654893    -13.946462591    -13.115275152    -12.419683006    -11.541835151
 86   4    0.9  0.00633678    -16.872654893    -13.946462834    -13.115275152    -12.420567623    -11.541835151
 87   4    0.9  0.00323350    -16.872654893    -13.946462957    -13.115275152    -12.420779458    -11.541835151
 88   4    0.9  0.00155419    -16.872654893    -13.946462979    -13.115275152    -12.420829861    -11.541835151
 89   4    0.9  0.00106579    -16.872654893    -13.946462980    -13.115275152    -12.420852552    -11.541835151
 90   4    0.9  0.00067219    -16.872654893    -13.946462981    -13.115275152    -12.420861111    -11.541835152
 91   4    0.9  0.00037583    -16.872654893    -13.946462988    -13.115275152    -12.420863711    -11.541835152
 92   4    1.0  0.00019754    -16.872654893    -13.946463068    -13.115275152    -12.420864487    -11.541835152
 93   4    1.0  0.00013840    -16.872654893    -13.946463279    -13.115275152    -12.420864799    -11.541835152
 94   2    1.0  0.00006766    -16.872654893    -13.946463376    -13.115275152    -12.420864882    -11.541835152
 95   2    1.0  0.00082367    -16.872654893    -13.946471535    -13.115275152    -12.420864882    -11.541835152
 96   2    1.0  0.00017874    -16.872654893    -13.946472063    -13.115275152    -12.420864883    -11.541835152
 97   2    1.1  0.00006490    -16.872654893    -13.946472142    -13.115275152    -12.420864883    -11.541835152
 98   2    1.1  0.00002441    -16.872654893    -13.946472154    -13.115275152    -12.420864884    -11.541835152
 99   2    1.1  0.00001400    -16.872654893    -13.946472157    -13.115275152    -12.420864884    -11.541835152
100   2    1.1  0.00000564    -16.872654893    -13.946472158    -13.115275152    -12.420864884    -11.541835152
101   2    1.1  0.00000223    -16.872654893    -13.946472158    -13.115275152    -12.420864884    -11.541835152
102   2    1.2  0.00000087    -16.872654893    -13.946472158    -13.115275152    -12.420864884    -11.541835152
103   4    1.2  0.00000099    -16.872654893    -13.946472158    -13.115275152    -12.420864884    -11.541835152
104   4    1.2  0.00002833    -16.872654893    -13.946472158    -13.115275152    -12.420864902    -11.541835152
105   4    1.2  0.00001224    -16.872654893    -13.946472158    -13.115275152    -12.420864905    -11.541835152
106   4    1.2  0.00000487    -16.872654893    -13.946472158    -13.115275152    -12.420864905    -11.541835152
107   5    1.3  0.00000316    -16.872654893    -13.946472158    -13.115275152    -12.420864905    -11.541835152
108   5    1.3  0.00003749    -16.872654893    -13.946472158    -13.115275152    -12.420864905    -11.541835182
109   5    1.3  0.00001300    -16.872654893    -13.946472158    -13.115275152    -12.420864905    -11.541835185
110   5    1.3  0.00000462    -16.872654893    -13.946472158    -13.115275152    -12.420864905    -11.541835186
111   5    1.4  0.00000139    -16.872654893    -13.946472158    -13.115275152    -12.420864905    -11.541835186
112   3    1.4  0.00000055    -16.872654893    -13.946472158    -13.115275152    -12.420864905    -11.541835186
113   3    1.4  0.00000434    -16.872654893    -13.946472158    -13.115275153    -12.420864905    -11.541835186
114   3    1.4  0.00000139    -16.872654893    -13.946472158    -13.115275153    -12.420864905    -11.541835186
115   3    1.5  0.00000045    -16.872654893    -13.946472158    -13.115275153    -12.420864905    -11.541835186
116   3    1.5  0.00000013    -16.872654893    -13.946472158    -13.115275153    -12.420864905    -11.541835186
117   1    1.5  0.00000016    -16.872654893    -13.946472158    -13.115275153    -12.420864905    -11.541835186
118   1    1.5  0.00000254    -16.872654893    -13.946472158    -13.115275153    -12.420864905    -11.541835186
119   1    1.6  0.00000068    -16.872654893    -13.946472158    -13.115275153    -12.420864905    -11.541835186
120   1    1.6  0.00000019    -16.872654893    -13.946472158    -13.115275153    -12.420864905    -11.541835186
121   1    1.6  0.00000006    -16.872654893    -13.946472158    -13.115275153    -12.420864905    -11.541835186
122   4    1.7  0.00000004    -16.872654893    -13.946472158    -13.115275153    -12.420864905    -11.541835186
123   4    1.7  0.00000096    -16.872654893    -13.946472158    -13.115275153    -12.420864905    -11.541835186
124   4    1.7  0.00000040    -16.872654893    -13.946472158    -13.115275153    -12.420864905    -11.541835186
125   4    1.7  0.00000017    -16.872654893    -13.946472158    -13.115275153    -12.420864905    -11.541835186
126   4    1.8  0.00000006    -16.872654893    -13.946472158    -13.115275153    -12.420864905    -11.541835186
127   4    1.8  0.00000002    -16.872654893    -13.946472158    -13.115275153    -12.420864905    -11.541835186
128   5    1.8  0.00000002    -16.872654893    -13.946472158    -13.115275153    -12.420864905    -11.541835186
129   5    1.9  0.00000025    -16.872654893    -13.946472158    -13.115275153    -12.420864905    -11.541835186
130   5    1.9  0.00000008    -16.872654893    -13.946472158    -13.115275153    -12.420864905    -11.541835186
131   5    1.9  0.00000003    -16.872654893    -13.946472158    -13.115275153    -12.420864905    -11.541835186
132   5    2.0  0.00000001    -16.872654893    -13.946472158    -13.115275153    -12.420864905    -11.541835186
133   2    2.0  0.00000001    -16.872654893    -13.946472158    -13.115275153    -12.420864905    -11.541835186
134   2    2.0  0.00000017    -16.872654893    -13.946472158    -13.115275153    -12.420864905    -11.541835186
135   2    2.1  0.00000006    -16.872654893    -13.946472158    -13.115275153    -12.420864905    -11.541835186
136   2    2.1  0.00000002    -16.872654893    -13.946472158    -13.115275153    -12.420864905    -11.541835186
137   2    2.1  0.00000001    -16.872654893    -13.946472158    -13.115275153    -12.420864905    -11.541835186
138   2    2.2  0.00000000    -16.872654893    -13.946472158    -13.115275153    -12.420864905    -11.541835186
139   2    2.2  0.00000000    -16.872654893    -13.946472158    -13.115275153    -12.420864905    -11.541835186
140   2    2.3  0.00000000    -16.872654893    -13.946472158    -13.115275153    -12.420864905    -11.541835186
141   3    2.3  0.00000000    -16.872654893    -13.946472158    -13.115275153    -12.420864905    -11.541835186
142   3    2.3  0.00000002    -16.872654893    -13.946472158    -13.115275153    -12.420864905    -11.541835186
143   3    2.4  0.00000001    -16.872654893    -13.946472158    -13.115275153    -12.420864905    -11.541835186
144   3    2.4  0.00000000    -16.872654893    -13.946472158    -13.115275153    -12.420864905    -11.541835186
145   1    2.4  0.00000000    -16.872654893    -13.946472158    -13.115275153    -12.420864905    -11.541835186
146   1    2.5  0.00000001    -16.872654893    -13.946472158    -13.115275153    -12.420864905    -11.541835186
147   1    2.5  0.00000000    -16.872654893    -13.946472158    -13.115275153    -12.420864905    -11.541835186
148   1    2.6  0.00000000    -16.872654893    -13.946472158    -13.115275153    -12.420864905    -11.541835186
149   1    2.6  0.00000000    -16.872654893    -13.946472158    -13.115275153    -12.420864905    -11.541835186
 State 1     Energy    -16.872654892971
 Correlation energy     -1.185297926487

 Final CI vector

       0.936143520153************************
      -0.057146418153************************
       0.083098945215************************
      -0.053241307296************************
       0.083098945215************************
      -0.057146418151************************
      -0.053241307296************************
      -0.159077283860************************
       0.051598177369************************
      -0.057475744638************************
       0.051598177371************************
      -0.064700887311************************
      -0.057475744637************************
 /EOF
 State 2     Energy    -13.946472157998

 Final CI vector

       0.438531174216************************
      -0.438531174254************************
       0.128153929255************************
      -0.128153929264************************
       0.099596556409************************
       0.099596556413************************
      -0.438531174218************************
      -0.052551654877************************
      -0.051434381166************************
       0.051434381164************************
       0.438531174254************************
      -0.051434381163************************
       0.052551654876************************
      -0.128153929252************************
       0.052551654880************************
      -0.052551654873************************
       0.128153929265************************
      -0.099596556410************************
       0.051434381168************************
      -0.099596556414************************
       0.065143974571************************
      -0.065143974578************************
      -0.065143974568************************
       0.065143974576************************
 /EOF
 State 3     Energy    -13.115275152679

 Final CI vector

      -0.126678473407************************
       0.264492506612************************
       0.264492506610************************
       0.072193187576************************
      -0.160660461624************************
       0.072193187582************************
       0.057851710418************************
       0.264492506606************************
       0.152410936798************************
       0.052216414458************************
       0.151090493182************************
       0.052216414453************************
       0.054965202633************************
       0.264492506608************************
       0.151090493185************************
       0.152410936804************************
      -0.052216414450************************
       0.072193187579************************
      -0.160660461620************************
       0.059900552853************************
       0.072193187570************************
       0.057851710420************************
      -0.052216414453************************
       0.054965202632************************
      -0.578206189500************************
      -0.065186268744************************
      -0.065186268768************************
       0.057229196677************************
      -0.082225246166************************
      -0.069552570790************************
      -0.065186268769************************
      -0.082225246169************************
       0.057229196680************************
      -0.065186268747************************
 /EOF
 State 4     Energy    -12.420864905333

 Final CI vector

       0.380799744784************************
      -0.272115157196************************
       0.272115158982************************
       0.380799744403************************
      -0.380799744684************************
       0.272115157401************************
      -0.272115158813************************
      -0.380799744468************************
 /EOF
 State 5     Energy    -11.541835185971

 Final CI vector

      -0.314272050370************************
       0.069225130476************************
       0.061531750514************************
       0.069225130859************************
       0.314272050156************************
      -0.061531750364************************
      -0.141907012325************************
      -0.126331120137************************
       0.159984602144************************
      -0.314272049908************************
      -0.126331119918************************
      -0.061482526782************************
       0.159984601822************************
      -0.141907012333************************
       0.126331120150************************
       0.069225132083************************
      -0.061482526667************************
       0.075256621042************************
       0.061531750479************************
       0.069225131746************************
       0.061482526771************************
       0.314272050129************************
       0.126331119914************************
       0.061482526632************************
      -0.061531750644************************
       0.204371760878************************
       0.146133794480************************
       0.053006126449************************
       0.204371760680************************
       0.053717164547************************
      -0.053006126513************************
       0.204371761400************************
       0.109065040310************************
      -0.052416807005************************
       0.146133792884************************
      -0.064908974647************************
       0.053006126358************************
      -0.052416807045************************
       0.204371761625************************
       0.109065040337************************
       0.052416806975************************
       0.053717165064************************
      -0.053006126298************************
       0.052416807021************************
 /EOF
 Variable memory released
