 PROGRAM * FCI  (Determinant based Full CI)     Author: P.J. Knowles, 1984

 lenn,mem     5000002     5000000
 Variable memory set to    5000000 words
 Active orbitals:              8( 4 4 0 0 0 0 0 0)
 Active electrons:             8
 Spin quantum number:          0.0
 Orbital pairs:                  20    16     0     0     0     0     0     0
 Strings:                        38    32     0     0     0     0     0     0
                                 38    32     0     0     0     0     0     0
 Determinants:                       2468        2432           0           0
                                        0           0           0           0
 sr inpint: done reading integrals
 Core energy:                    125.778007624889

 Space symmetry:               1
 Maximum iterations:         ***
 Convergence threshold:         0.0000000
 Output threshold:              0.0500000
 Number of roots:              5

 Initial configuration generated:
       1      1.0000000    -15.6873570

 It  Tr    CPU  Convergence   Energy

  1   1    0.0  1.00000000    -15.687356966
  2   2    0.0  0.95363328    -16.732858439     -5.191014086
  3   3    0.0  0.73918615    -16.809623424     -9.620765405      0.198544678
  4   4    0.0  0.72170447    -16.817098331    -11.488319519     -5.213004411      7.596363980
  5   4    0.0  0.56669747    -16.818450837    -12.034146184     -8.371571506     -1.741603945     12.674231604
  6   5    0.1  0.49830287    -16.823607655    -12.129809125     -9.334444076     -4.340362341      6.673057111
  7   5    0.1  0.51946674    -16.827521407    -12.133528806     -9.459451263     -5.643819104      0.981232694
  8   5    0.1  0.40005855    -16.827593980    -12.136751482     -9.464104236     -6.402980702     -2.620434418
  9   4    0.1  0.25746357    -16.828252404    -12.149213718     -9.464577115     -7.376449327     -4.610883418
 10   4    0.1  0.35313895    -16.828357487    -12.219415350     -9.475700698     -9.315649193     -5.203843600
 11   3    0.1  0.23779461    -16.829031398    -12.252492435    -10.314343614     -9.471963088     -5.651490072
 12   5    0.1  0.16770409    -16.829223698    -12.253988047    -10.673605776     -9.478179505     -6.132903797
 13   5    0.2  0.21209310    -16.829230970    -12.266380806    -10.755570831     -9.493877595     -6.699785438
 14   5    0.2  0.31286278    -16.829231038    -12.278082690    -10.809688404     -9.500026891     -7.659709003
 15   5    0.2  0.28996399    -16.829235255    -12.281799848    -10.859533287     -9.520940206     -8.863596856
 16   4    0.2  0.32696198    -16.829304152    -12.283846338    -10.957402202    -10.183726015     -9.450248546
 17   3    0.2  0.14442220    -16.829378383    -12.296738351    -11.206299774    -10.691351211     -9.454929961
 18   3    0.2  0.11112526    -16.829784761    -12.297048729    -11.419969579    -10.725682791     -9.457962853
 19   3    0.2  0.06406199    -16.829786775    -12.326776313    -11.486504151    -10.739209855     -9.463105058
 20   3    0.3  0.04137292    -16.829793692    -12.327598138    -11.514196681    -10.752258045     -9.463950130
 21   4    0.3  0.04385463    -16.829793856    -12.337470962    -11.530773259    -10.777539489     -9.467038406
 22   4    0.3  0.06699752    -16.829843507    -12.339737634    -11.534080183    -10.849124217     -9.467508130
 23   4    0.3  0.03270447    -16.829879473    -12.351457894    -11.535859967    -10.869292772     -9.478396150
 24   5    0.3  0.03227177    -16.830049981    -12.361911891    -11.536972902    -10.875566191     -9.495103578
 25   5    0.3  0.09736653    -16.832919840    -12.409952837    -11.536977292    -10.875772919     -9.620258623
 26   5    0.3  0.03855446    -16.837970691    -12.426084013    -11.537151416    -10.875806091     -9.642397392
 27   2    0.4  0.03273661    -16.839276971    -12.451530546    -11.537157902    -10.875806106     -9.647335806
 28   2    0.4  0.22110686    -16.841023306    -12.995756249    -11.537201710    -10.875811367     -9.647376382
 29   2    0.4  0.07306180    -16.843228914    -13.094693448    -11.537204545    -10.875825639     -9.647413418
 30   2    0.4  0.02558505    -16.844913773    -13.111896161    -11.537356665    -10.875826097     -9.647414431
 31   2    0.4  0.01071735    -16.845648155    -13.114776737    -11.537392640    -10.875832415     -9.647453377
 32   1    0.4  0.00495314    -16.846273387    -13.115193802    -11.537411994    -10.875837596     -9.647570063
 33   1    0.4  0.03859502    -16.871417508    -13.115196474    -11.537442110    -10.875840466     -9.647570663
 34   1    0.5  0.00677707    -16.872549132    -13.115196516    -11.537442122    -10.875930258     -9.647683242
 35   3    0.5  0.00449970    -16.872645729    -13.115196961    -11.537849064    -10.875931102     -9.647685906
 36   3    0.5  0.01252023    -16.872645986    -13.115197028    -11.541129786    -10.876096920     -9.647696662
 37   3    0.5  0.00504930    -16.872646042    -13.115199271    -11.541685822    -10.876099929     -9.647767091
 38   5    0.5  0.00267725    -16.872646570    -13.115200110    -11.541807617    -10.876111719     -9.647895432
 39   5    0.5  0.00966789    -16.872646743    -13.115209003    -11.541809636    -10.876120165     -9.649394372
 40   5    0.6  0.00448732    -16.872646774    -13.115216174    -11.541810032    -10.876147053     -9.649723303
 41   5    0.6  0.00246236    -16.872646897    -13.115224302    -11.541811801    -10.876190138     -9.649817892
 42   4    0.6  0.00259118    -16.872646929    -13.115227904    -11.541813900    -10.876286913     -9.649880602
 43   4    0.6  0.00672884    -16.872646934    -13.115228186    -11.541813934    -10.877247823     -9.649883500
 44   4    0.6  0.00328235    -16.872647061    -13.115232370    -11.541815882    -10.877433839     -9.649886504
 45   4    0.6  0.00150330    -16.872647393    -13.115234105    -11.541816503    -10.877476742     -9.649892591
 46   4    0.7  0.00068177    -16.872647564    -13.115234898    -11.541816651    -10.877485798     -9.649892798
 47   4    0.7  0.00034001    -16.872647711    -13.115236632    -11.541816820    -10.877488031     -9.649893392
 48   5    0.7  0.00020061    -16.872648206    -13.115236632    -11.541816929    -10.877488598     -9.649894125
 49   5    0.7  0.00154805    -16.872648231    -13.115238977    -11.541817833    -10.877488605     -9.649932428
 50   5    0.7  0.00089336    -16.872648517    -13.115238977    -11.541817891    -10.877488607     -9.649946550
 51   5    0.7  0.00048607    -16.872648560    -13.115239012    -11.541817891    -10.877488608     -9.649950503
 52   5    0.8  0.00034175    -16.872648562    -13.115239334    -11.541818089    -10.877488609     -9.649952126
 53   3    0.8  0.00023085    -16.872649127    -13.115239460    -11.541819220    -10.877488617     -9.649952745
 54   3    0.8  0.00078547    -16.872649430    -13.115240138    -11.541833485    -10.877488622     -9.649952749
 55   3    0.8  0.00025121    -16.872649448    -13.115240771    -11.541834962    -10.877488624     -9.649952756
 56   2    0.8  0.00017117    -16.872649619    -13.115241533    -11.541835144    -10.877488625     -9.649952757
 57   2    0.8  0.00113415    -16.872649858    -13.115271692    -11.541835145    -10.877488626     -9.649952761
 58   2    0.8  0.00035366    -16.872649909    -13.115274773    -11.541835145    -10.877488626     -9.649952765
 59   2    0.8  0.00011546    -16.872649934    -13.115275116    -11.541835145    -10.877488627     -9.649952767
 60   2    0.8  0.00003525    -16.872649939    -13.115275148    -11.541835145    -10.877488627     -9.649952767
 61   1    0.9  0.00004330    -16.872649994    -13.115275152    -11.541835147    -10.877488631     -9.649952768
 62   1    0.9  0.00040260    -16.872654590    -13.115275152    -11.541835147    -10.877488633     -9.649952783
 63   1    0.9  0.00009591    -16.872654864    -13.115275152    -11.541835147    -10.877488633     -9.649952786
 64   1    0.9  0.00003015    -16.872654890    -13.115275152    -11.541835148    -10.877488634     -9.649952787
 65   5    0.9  0.00001174    -16.872654893    -13.115275152    -11.541835149    -10.877488635     -9.649952790
 66   5    0.9  0.00011664    -16.872654893    -13.115275152    -11.541835150    -10.877488639     -9.649953042
 67   5    0.9  0.00005942    -16.872654893    -13.115275152    -11.541835150    -10.877488643     -9.649953105
 68   5    1.0  0.00002686    -16.872654893    -13.115275152    -11.541835150    -10.877488654     -9.649953118
 69   5    1.0  0.00006287    -16.872654893    -13.115275152    -11.541835150    -10.877488663     -9.649953134
 70   3    1.0  0.40850087    -16.872654893    -13.115275153    -12.823789744    -11.541835150    -10.877488654
 71   2    1.0  0.17810989    -16.872654893    -13.758441583    -13.115275152    -11.541835150    -10.877488658
 72   2    1.0  0.08736103    -16.872654893    -13.916392235    -13.115275152    -11.541835150    -10.877488658
 73   2    1.0  0.03535086    -16.872654893    -13.941570185    -13.115275152    -11.541835150    -10.877488658
 74   2    1.0  0.01272052    -16.872654893    -13.945108498    -13.115275152    -11.541835150    -10.877488659
 75   2    1.1  0.00601411    -16.872654893    -13.945794971    -13.115275152    -11.541835151    -10.877488659
 76   2    1.1  0.00431040    -16.872654893    -13.946104841    -13.115275152    -11.541835151    -10.877488659
 77   5    1.1  0.33068567    -16.872654893    -13.946352227    -13.115275152    -11.541835151    -11.342924034
 78   4    1.1  0.20217237    -16.872654893    -13.946444390    -13.115275152    -12.129229437    -11.541835151
 79   4    1.1  0.10093839    -16.872654893    -13.946456045    -13.115275152    -12.299174195    -11.541835151
 80   4    1.1  0.06504811    -16.872654893    -13.946459121    -13.115275152    -12.366663211    -11.541835151
 81   4    1.1  0.03861869    -16.872654893    -13.946460864    -13.115275152    -12.394591177    -11.541835151
 82   4    1.2  0.02544549    -16.872654893    -13.946461968    -13.115275152    -12.406418962    -11.541835151
 83   4    1.2  0.02040177    -16.872654893    -13.946462299    -13.115275152    -12.412646910    -11.541835151
 84   4    1.2  0.01931486    -16.872654893    -13.946462317    -13.115275152    -12.416963297    -11.541835151
 85   4    1.2  0.01335969    -16.872654893    -13.946462591    -13.115275152    -12.419683006    -11.541835151
 86   4    1.2  0.00633678    -16.872654893    -13.946462834    -13.115275152    -12.420567623    -11.541835151
 87   4    1.2  0.00323350    -16.872654893    -13.946462957    -13.115275152    -12.420779458    -11.541835151
 88   4    1.3  0.00155419    -16.872654893    -13.946462979    -13.115275152    -12.420829861    -11.541835151
 89   4    1.3  0.00106579    -16.872654893    -13.946462980    -13.115275152    -12.420852552    -11.541835151
 90   4    1.3  0.00067219    -16.872654893    -13.946462981    -13.115275152    -12.420861111    -11.541835152
 91   4    1.3  0.00037583    -16.872654893    -13.946462988    -13.115275152    -12.420863711    -11.541835152
 92   4    1.3  0.00019754    -16.872654893    -13.946463068    -13.115275152    -12.420864487    -11.541835152
 93   4    1.4  0.00013840    -16.872654893    -13.946463279    -13.115275152    -12.420864799    -11.541835152
 94   2    1.4  0.00006766    -16.872654893    -13.946463376    -13.115275152    -12.420864882    -11.541835152
 95   2    1.4  0.00082367    -16.872654893    -13.946471535    -13.115275152    -12.420864882    -11.541835152
 96   2    1.4  0.00017874    -16.872654893    -13.946472063    -13.115275152    -12.420864883    -11.541835152
 97   2    1.4  0.00006490    -16.872654893    -13.946472142    -13.115275152    -12.420864883    -11.541835152
 98   2    1.5  0.00002441    -16.872654893    -13.946472154    -13.115275152    -12.420864884    -11.541835152
 99   2    1.5  0.00001400    -16.872654893    -13.946472157    -13.115275152    -12.420864884    -11.541835152
100   2    1.5  0.00000564    -16.872654893    -13.946472158    -13.115275152    -12.420864884    -11.541835152
101   2    1.5  0.00000223    -16.872654893    -13.946472158    -13.115275152    -12.420864884    -11.541835152
102   2    1.6  0.00000087    -16.872654893    -13.946472158    -13.115275152    -12.420864884    -11.541835152
103   4    1.6  0.00000099    -16.872654893    -13.946472158    -13.115275152    -12.420864884    -11.541835152
104   4    1.6  0.00002833    -16.872654893    -13.946472158    -13.115275152    -12.420864902    -11.541835152
105   4    1.6  0.00001224    -16.872654893    -13.946472158    -13.115275152    -12.420864905    -11.541835152
106   4    1.6  0.00000487    -16.872654893    -13.946472158    -13.115275152    -12.420864905    -11.541835152
107   5    1.7  0.00000316    -16.872654893    -13.946472158    -13.115275152    -12.420864905    -11.541835152
108   5    1.7  0.00003749    -16.872654893    -13.946472158    -13.115275152    -12.420864905    -11.541835182
109   5    1.7  0.00001300    -16.872654893    -13.946472158    -13.115275152    -12.420864905    -11.541835185
110   5    1.7  0.00000462    -16.872654893    -13.946472158    -13.115275152    -12.420864905    -11.541835186
111   5    1.8  0.00000139    -16.872654893    -13.946472158    -13.115275152    -12.420864905    -11.541835186
112   3    1.8  0.00000055    -16.872654893    -13.946472158    -13.115275152    -12.420864905    -11.541835186
113   3    1.8  0.00000434    -16.872654893    -13.946472158    -13.115275153    -12.420864905    -11.541835186
114   3    1.9  0.00000139    -16.872654893    -13.946472158    -13.115275153    -12.420864905    -11.541835186
115   3    1.9  0.00000045    -16.872654893    -13.946472158    -13.115275153    -12.420864905    -11.541835186
116   3    1.9  0.00000013    -16.872654893    -13.946472158    -13.115275153    -12.420864905    -11.541835186
117   1    1.9  0.00000016    -16.872654893    -13.946472158    -13.115275153    -12.420864905    -11.541835186
118   1    2.0  0.00000254    -16.872654893    -13.946472158    -13.115275153    -12.420864905    -11.541835186
119   1    2.0  0.00000068    -16.872654893    -13.946472158    -13.115275153    -12.420864905    -11.541835186
120   1    2.0  0.00000019    -16.872654893    -13.946472158    -13.115275153    -12.420864905    -11.541835186
121   1    2.1  0.00000006    -16.872654893    -13.946472158    -13.115275153    -12.420864905    -11.541835186
122   4    2.1  0.00000004    -16.872654893    -13.946472158    -13.115275153    -12.420864905    -11.541835186
123   4    2.1  0.00000096    -16.872654893    -13.946472158    -13.115275153    -12.420864905    -11.541835186
124   4    2.2  0.00000040    -16.872654893    -13.946472158    -13.115275153    -12.420864905    -11.541835186
125   4    2.2  0.00000017    -16.872654893    -13.946472158    -13.115275153    -12.420864905    -11.541835186
126   4    2.2  0.00000006    -16.872654893    -13.946472158    -13.115275153    -12.420864905    -11.541835186
127   4    2.3  0.00000002    -16.872654893    -13.946472158    -13.115275153    -12.420864905    -11.541835186
128   5    2.3  0.00000002    -16.872654893    -13.946472158    -13.115275153    -12.420864905    -11.541835186
129   5    2.3  0.00000025    -16.872654893    -13.946472158    -13.115275153    -12.420864905    -11.541835186
130   5    2.4  0.00000008    -16.872654893    -13.946472158    -13.115275153    -12.420864905    -11.541835186
131   5    2.4  0.00000003    -16.872654893    -13.946472158    -13.115275153    -12.420864905    -11.541835186
132   5    2.4  0.00000001    -16.872654893    -13.946472158    -13.115275153    -12.420864905    -11.541835186
133   2    2.5  0.00000001    -16.872654893    -13.946472158    -13.115275153    -12.420864905    -11.541835186
134   2    2.5  0.00000017    -16.872654893    -13.946472158    -13.115275153    -12.420864905    -11.541835186
135   2    2.5  0.00000006    -16.872654893    -13.946472158    -13.115275153    -12.420864905    -11.541835186
136   2    2.6  0.00000002    -16.872654893    -13.946472158    -13.115275153    -12.420864905    -11.541835186
137   2    2.6  0.00000001    -16.872654893    -13.946472158    -13.115275153    -12.420864905    -11.541835186
138   2    2.7  0.00000000    -16.872654893    -13.946472158    -13.115275153    -12.420864905    -11.541835186
139   2    2.7  0.00000000    -16.872654893    -13.946472158    -13.115275153    -12.420864905    -11.541835186
140   2    2.7  0.00000000    -16.872654893    -13.946472158    -13.115275153    -12.420864905    -11.541835186
141   3    2.8  0.00000000    -16.872654893    -13.946472158    -13.115275153    -12.420864905    -11.541835186
142   3    2.8  0.00000002    -16.872654893    -13.946472158    -13.115275153    -12.420864905    -11.541835186
143   3    2.9  0.00000001    -16.872654893    -13.946472158    -13.115275153    -12.420864905    -11.541835186
144   3    2.9  0.00000000    -16.872654893    -13.946472158    -13.115275153    -12.420864905    -11.541835186
145   1    2.9  0.00000000    -16.872654893    -13.946472158    -13.115275153    -12.420864905    -11.541835186
146   1    3.0  0.00000001    -16.872654893    -13.946472158    -13.115275153    -12.420864905    -11.541835186
147   1    3.0  0.00000000    -16.872654893    -13.946472158    -13.115275153    -12.420864905    -11.541835186
148   1    3.1  0.00000000    -16.872654893    -13.946472158    -13.115275153    -12.420864905    -11.541835186
149   1    3.1  0.00000000    -16.872654893    -13.946472158    -13.115275153    -12.420864905    -11.541835186
 State 1     Energy    -16.872654892971
 Correlation energy     -1.185297926487

 Final CI vector

       0.936143520153************************
      -0.057146418153************************
       0.083098945215************************
      -0.053241307296************************
       0.083098945215************************
      -0.057146418151************************
      -0.053241307296************************
      -0.159077283860************************
       0.051598177369************************
      -0.057475744638************************
       0.051598177371************************
      -0.064700887311************************
      -0.057475744637************************
 /EOF
 State 2     Energy    -13.946472157998

 Final CI vector

       0.438531174216************************
      -0.438531174254************************
       0.128153929255************************
      -0.128153929264************************
       0.099596556409************************
       0.099596556413************************
      -0.438531174218************************
      -0.052551654877************************
      -0.051434381166************************
       0.051434381164************************
       0.438531174254************************
      -0.051434381163************************
       0.052551654876************************
      -0.128153929252************************
       0.052551654880************************
      -0.052551654873************************
       0.128153929265************************
      -0.099596556410************************
       0.051434381168************************
      -0.099596556414************************
       0.065143974571************************
      -0.065143974578************************
      -0.065143974568************************
       0.065143974576************************
 /EOF
 State 3     Energy    -13.115275152679

 Final CI vector

      -0.126678473407************************
       0.264492506612************************
       0.264492506610************************
       0.072193187576************************
      -0.160660461624************************
       0.072193187582************************
       0.057851710418************************
       0.264492506606************************
       0.152410936798************************
       0.052216414458************************
       0.151090493182************************
       0.052216414453************************
       0.054965202633************************
       0.264492506608************************
       0.151090493185************************
       0.152410936804************************
      -0.052216414450************************
       0.072193187579************************
      -0.160660461620************************
       0.059900552853************************
       0.072193187570************************
       0.057851710420************************
      -0.052216414453************************
       0.054965202632************************
      -0.578206189500************************
      -0.065186268744************************
      -0.065186268768************************
       0.057229196677************************
      -0.082225246166************************
      -0.069552570790************************
      -0.065186268769************************
      -0.082225246169************************
       0.057229196680************************
      -0.065186268747************************
 /EOF
 State 4     Energy    -12.420864905333

 Final CI vector

       0.380799744784************************
      -0.272115157196************************
       0.272115158982************************
       0.380799744403************************
      -0.380799744684************************
       0.272115157401************************
      -0.272115158813************************
      -0.380799744468************************
 /EOF
 State 5     Energy    -11.541835185971

 Final CI vector

      -0.314272050370************************
       0.069225130476************************
       0.061531750514************************
       0.069225130859************************
       0.314272050156************************
      -0.061531750364************************
      -0.141907012325************************
      -0.126331120137************************
       0.159984602144************************
      -0.314272049908************************
      -0.126331119918************************
      -0.061482526782************************
       0.159984601822************************
      -0.141907012333************************
       0.126331120150************************
       0.069225132083************************
      -0.061482526667************************
       0.075256621042************************
       0.061531750479************************
       0.069225131746************************
       0.061482526771************************
       0.314272050129************************
       0.126331119914************************
       0.061482526632************************
      -0.061531750644************************
       0.204371760878************************
       0.146133794480************************
       0.053006126449************************
       0.204371760680************************
       0.053717164547************************
      -0.053006126513************************
       0.204371761400************************
       0.109065040310************************
      -0.052416807005************************
       0.146133792884************************
      -0.064908974647************************
       0.053006126358************************
      -0.052416807045************************
       0.204371761625************************
       0.109065040337************************
       0.052416806975************************
       0.053717165064************************
      -0.053006126298************************
       0.052416807021************************
 /EOF
 Variable memory released
