 PROGRAM * FCI  (Determinant based Full CI)     Author: P.J. Knowles, 1984

 lenn,mem     5000002     5000000
 Variable memory set to    5000000 words
 Active orbitals:             10( 5 5 0 0 0 0 0 0)
 Active electrons:            10
 Spin quantum number:          0.0
 Orbital pairs:                  30    25     0     0     0     0     0     0
 Strings:                       126   126     0     0     0     0     0     0
                                126   126     0     0     0     0     0     0
 Determinants:                      31752       31752           0           0
                                        0           0           0           0
 sr inpint: done reading integrals
 Core energy:                    180.039685169177

 Space symmetry:               2
 Maximum iterations:         ***
 Convergence threshold:         0.0000000
 Output threshold:              0.0500000
 Number of roots:              5

 Initial configuration generated:
       1      0.7071068    -16.3547645
   15877      0.7071068    -16.3547645

 It  Tr    CPU  Convergence   Energy

  1   1    0.0  1.00000000    -15.695178822
  2   2    0.1  0.95145613    -16.710556141     -5.992049418
  3   3    0.2  0.70896397    -16.739317163    -12.014620775      0.115165576
  4   4    0.4  0.67105189    -16.776491726    -13.397034876     -6.791156863      6.606472392
  5   3    0.6  0.57435549    -16.776803310    -13.646640452    -11.128955405     -2.305116391     12.679149523
  6   5    0.8  0.56477169    -16.777468523    -13.686488508    -12.324058100     -5.505344252      4.709341068
  7   4    0.9  0.49619923    -16.777475220    -13.763221931    -13.342383856    -10.627239119     -2.387736858
  8   5    1.1  0.26346777    -16.784725889    -14.041132584    -13.629966081    -11.700901909     -3.426910103
  9   5    1.3  0.45920263    -16.784728027    -14.130870598    -13.643561215    -11.961631154     -6.292866976
 10   5    1.5  0.27813537    -16.786756708    -14.132345949    -13.645838583    -12.003814985     -8.474195167
 11   5    1.7  0.28165952    -16.789172185    -14.132999500    -13.660210587    -12.022807900     -9.972613770
 12   5    1.9  0.26168065    -16.789821644    -14.133110943    -13.681178410    -12.106212944    -11.395393796
 13   4    2.1  0.19081667    -16.792308407    -14.139619882    -13.698098511    -12.513495705    -11.931103995
 14   4    2.3  0.14909674    -16.792558732    -14.139814599    -13.706846543    -12.980400462    -11.957841121
 15   4    2.5  0.18742494    -16.794216889    -14.142456200    -13.738810703    -13.334390663    -11.975850436
 16   1    2.7  0.70494423    -17.272914187    -16.793916549    -14.141605398    -13.732723030    -13.215922083
 17   1    2.8  0.37148781    -18.855298504    -16.794080237    -14.141862249    -13.733243146    -13.263315699
 18   1    3.0  0.17088044    -19.358666240    -16.794081106    -14.141865318    -13.738475585    -13.268539982
 19   1    3.2  0.06803837    -19.489532141    -16.794311610    -14.142222879    -13.738480787    -13.278845882
 20   1    3.4  0.03934448    -19.530443444    -16.794315137    -14.142228344    -13.738804831    -13.281801248
 21   1    3.6  0.01788290    -19.539672064    -16.794364910    -14.142384289    -13.740282009    -13.282614353
 22   5    3.8  0.03424746    -19.542759667    -16.794370499    -14.142417304    -13.740410440    -13.292823301
 23   5    4.0  0.19885591    -19.542897375    -16.794420172    -14.142958621    -13.749040678    -13.657112588
 24   3    4.2  0.44242774    -19.543570454    -16.796197368    -15.867492745    -14.142477082    -13.748042547
 25   2    4.4  0.24606114    -19.544310269    -17.119593845    -16.794981219    -14.143359961    -13.778244972
 26   2    4.6  0.11476519    -19.544497904    -17.464526262    -16.795253945    -14.149305489    -13.858667717
 27   2    4.8  0.07745434    -19.544564420    -17.596729187    -16.795382809    -14.165855674    -13.916026400
 28   4    5.0  0.15008926    -19.544575131    -17.683111526    -16.796266374    -14.261428634    -13.982838014
 29   4    5.2  0.28972738    -19.544601600    -17.716838221    -16.798652307    -15.314322499    -14.003163298
 30   4    5.4  0.26212491    -19.544757146    -17.777865899    -16.798856910    -16.371439882    -14.289703558
 31   4    5.6  0.09825853    -19.544810410    -17.836743148    -16.806116906    -16.784480073    -14.518851664
 32   3    5.8  0.09146466    -19.544820251    -17.858196223    -16.969867536    -16.805593473    -14.564699369
 33   3    6.0  0.05450567    -19.544820447    -17.858973374    -17.041004563    -16.832971143    -14.564840937
 34   3    6.2  0.03301074    -19.544823355    -17.859297751    -17.071129768    -16.858470228    -14.570935558
 35   4    6.4  0.02447180    -19.544825666    -17.861388169    -17.082267095    -16.880038839    -14.583285189
 36   4    6.6  0.08044025    -19.544827177    -17.876436404    -17.086106659    -16.974323419    -14.604617290
 37   4    6.8  0.05525021    -19.544827761    -17.881946587    -17.086883044    -17.022542921    -14.606679534
 38   4    7.0  0.03194353    -19.544830566    -17.883947941    -17.088068791    -17.046270900    -14.609687415
 39   5    7.2  0.14524701    -19.544834428    -17.884581395    -17.088437595    -17.057605706    -14.815154165
 40   5    7.4  0.12698965    -19.544839346    -17.884583570    -17.088442973    -17.061732849    -15.105270001
 41   5    7.6  0.09229873    -19.544840373    -17.884616708    -17.088450700    -17.063174275    -15.274626174
 42   5    7.8  0.09531432    -19.544840564    -17.884618190    -17.088451029    -17.063963192    -15.404137336
 43   5    8.0  0.13603966    -19.544842376    -17.884759879    -17.088463690    -17.064782095    -15.598998871
 44   5    8.3  0.16992490    -19.544843666    -17.885055427    -17.088463804    -17.065664859    -15.986282427
 45   5    8.5  0.13173698    -19.544845265    -17.885265701    -17.088470308    -17.066335021    -16.347232665
 46   5    8.7  0.08730852    -19.544845451    -17.885361496    -17.088471607    -17.066677517    -16.539676112
 47   5    8.9  0.07503370    -19.544846413    -17.885378775    -17.088481281    -17.066881002    -16.665441792
 48   5    9.1  0.05504774    -19.544848703    -17.885378811    -17.088481414    -17.067017179    -16.732978142
 49   5    9.3  0.03645129    -19.544853308    -17.885380421    -17.088485075    -17.067112345    -16.764069728
 50   5    9.5  0.02497053    -19.544855188    -17.885384929    -17.088485184    -17.067176468    -16.778099593
 51   5    9.7  0.01701382    -19.544855205    -17.885389952    -17.088485232    -17.067215985    -16.784661267
 52   5    9.9  0.01310921    -19.544855807    -17.885460239    -17.088486301    -17.067237970    -16.788170853
 53   5   10.2  0.00870635    -19.544855808    -17.885620523    -17.088487392    -17.067249891    -16.789781757
 54   5   10.4  0.00546525    -19.544856607    -17.885703075    -17.088490166    -17.067255830    -16.790495716
 55   5   10.6  0.00354910    -19.544857570    -17.885739291    -17.088494768    -17.067259293    -16.790819033
 56   5   10.8  0.00260803    -19.544860128    -17.885801695    -17.088495600    -17.067262325    -16.790974837
 57   5   11.0  0.00197022    -19.544861464    -17.885801738    -17.088495767    -17.067262680    -16.791051565
 58   2   11.2  0.00205834    -19.544865625    -17.885885846    -17.088495943    -17.067262699    -16.791098997
 59   2   11.4  0.02677737    -19.544889044    -17.898066223    -17.088504874    -17.067277885    -16.791099159
 60   2   11.7  0.00884872    -19.544889342    -17.900103922    -17.088504887    -17.067279854    -16.791099159
 61   2   11.9  0.00401115    -19.544891482    -17.900538849    -17.088525723    -17.067283683    -16.791099165
 62   2   12.1  0.00162292    -19.544892412    -17.900618684    -17.088543099    -17.067288147    -16.791099171
 63   2   12.3  0.00083010    -19.544894648    -17.900638311    -17.088543266    -17.067290130    -16.791099191
 64   2   12.6  0.00046578    -19.544894655    -17.900644230    -17.088548204    -17.067290179    -16.791099364
 65   3   12.8  0.00035254    -19.544894890    -17.900646521    -17.088551370    -17.067290377    -16.791099420
 66   3   13.0  0.00788620    -19.544895152    -17.900646521    -17.090166821    -17.067310097    -16.791099434
 67   3   13.2  0.00309112    -19.544895239    -17.900646521    -17.090406152    -17.067317096    -16.791099446
 68   3   13.5  0.00133640    -19.544895430    -17.900646522    -17.090449982    -17.067321528    -16.791099455
 69   3   13.7  0.00063406    -19.544895433    -17.900646523    -17.090460323    -17.067323325    -16.791099531
 70   3   13.9  0.00028520    -19.544895845    -17.900646523    -17.090462911    -17.067324744    -16.791099555
 71   4   14.2  0.00020416    -19.544896328    -17.900646532    -17.090463508    -17.067326222    -16.791099641
 72   4   14.4  0.00906451    -19.544896379    -17.900646534    -17.090463508    -17.068179341    -16.791099676
 73   4   14.6  0.00247813    -19.544906455    -17.900646535    -17.090463509    -17.068283593    -16.791100012
 74   4   14.9  0.00092411    -19.544908021    -17.900646536    -17.090463511    -17.068302749    -16.791101030
 75   4   15.1  0.00041861    -19.544908025    -17.900646541    -17.090463514    -17.068307461    -16.791102677
 76   5   15.3  0.00035721    -19.544910027    -17.900646541    -17.090463514    -17.068309319    -16.791105430
 77   5   15.6  0.00110165    -19.544912446    -17.900646543    -17.090463515    -17.068309405    -16.791132820
 78   5   15.8  0.00068324    -19.544912668    -17.900646547    -17.090463516    -17.068309439    -16.791144642
 79   5   16.1  0.00040460    -19.544912997    -17.900646548    -17.090463516    -17.068309442    -16.791148986
 80   5   16.3  0.00026109    -19.544913055    -17.900646549    -17.090463516    -17.068309449    -16.791150694
 81   5   16.6  0.00016875    -19.544913183    -17.900646550    -17.090463517    -17.068309482    -16.791151377
 82   5   16.8  0.00009693    -19.544913293    -17.900646551    -17.090463517    -17.068309541    -16.791151622
 83   5   17.1  0.00005153    -19.544913327    -17.900646551    -17.090463518    -17.068309580    -16.791151696
 84   1   17.3  0.00005870    -19.544913432    -17.900646560    -17.090463518    -17.068309612    -16.791151720
 85   1   17.5  0.00421226    -19.545313156    -17.900646560    -17.090463519    -17.068309617    -16.791151720
 86   1   17.8  0.00156438    -19.545382288    -17.900646561    -17.090463520    -17.068309620    -16.791151720
 87   1   18.0  0.00061169    -19.545394474    -17.900646562    -17.090463520    -17.068309621    -16.791151720
 88   1   18.3  0.00022959    -19.545396416    -17.900646562    -17.090463520    -17.068309622    -16.791151720
 89   1   18.5  0.00008877    -19.545396720    -17.900646564    -17.090463521    -17.068309627    -16.791151720
 90   1   18.8  0.00003599    -19.545396764    -17.900646564    -17.090463521    -17.068309637    -16.791151720
 91   1   19.0  0.00001813    -19.545396773    -17.900646564    -17.090463521    -17.068309638    -16.791151720
 92   2   19.3  0.00002009    -19.545396776    -17.900646574    -17.090463521    -17.068309641    -16.791151720
 93   2   19.6  0.00016721    -19.545396776    -17.900647350    -17.090463521    -17.068309652    -16.791151720
 94   2   19.8  0.00007033    -19.545396776    -17.900647516    -17.090463521    -17.068309652    -16.791151720
 95   2   20.1  0.00003549    -19.545396776    -17.900647557    -17.090463522    -17.068309652    -16.791151720
 96   2   20.3  0.00001699    -19.545396776    -17.900647566    -17.090463522    -17.068309653    -16.791151720
 97   4   20.6  0.00000972    -19.545396776    -17.900647568    -17.090463523    -17.068309655    -16.791151721
 98   4   20.9  0.00014899    -19.545396776    -17.900647568    -17.090463523    -17.068310206    -16.791151721
 99   4   21.1  0.00007798    -19.545396776    -17.900647568    -17.090463526    -17.068310369    -16.791151721
100   4   21.4  0.00004420    -19.545396776    -17.900647568    -17.090463526    -17.068310420    -16.791151721
101   4   21.6  0.00002445    -19.545396776    -17.900647568    -17.090463527    -17.068310435    -16.791151721
102   4   21.9  0.00001404    -19.545396776    -17.900647568    -17.090463527    -17.068310440    -16.791151722
103   4   22.2  0.00000747    -19.545396776    -17.900647568    -17.090463528    -17.068310442    -16.791151722
104   4   22.4  0.00000402    -19.545396776    -17.900647568    -17.090463528    -17.068310442    -16.791151722
105   4   22.7  0.00000228    -19.545396776    -17.900647568    -17.090463528    -17.068310442    -16.791151722
106   4   23.0  0.00000134    -19.545396776    -17.900647568    -17.090463528    -17.068310442    -16.791151722
107   4   23.2  0.00000079    -19.545396776    -17.900647568    -17.090463528    -17.068310443    -16.791151722
108   5   23.5  0.00000133    -19.545396776    -17.900647568    -17.090463528    -17.068310443    -16.791151722
109   5   23.8  0.00001706    -19.545396776    -17.900647568    -17.090463528    -17.068310443    -16.791151730
110   5   24.1  0.00000977    -19.545396776    -17.900647568    -17.090463528    -17.068310443    -16.791151732
111   5   24.3  0.00000538    -19.545396776    -17.900647568    -17.090463528    -17.068310443    -16.791151733
112   3   24.6  0.00000645    -19.545396776    -17.900647568    -17.090463529    -17.068310443    -16.791151733
113   3   24.9  0.00006645    -19.545396776    -17.900647568    -17.090463664    -17.068310443    -16.791151733
114   3   25.2  0.00003362    -19.545396776    -17.900647568    -17.090463693    -17.068310443    -16.791151733
115   3   25.4  0.00001541    -19.545396776    -17.900647568    -17.090463700    -17.068310443    -16.791151733
116   3   25.7  0.00000660    -19.545396776    -17.900647568    -17.090463701    -17.068310443    -16.791151733
117   3   26.0  0.00000289    -19.545396776    -17.900647568    -17.090463702    -17.068310443    -16.791151733
118   3   26.3  0.00000136    -19.545396776    -17.900647568    -17.090463702    -17.068310443    -16.791151733
119   3   26.6  0.00000069    -19.545396776    -17.900647568    -17.090463702    -17.068310443    -16.791151733
120   3   26.9  0.00000032    -19.545396776    -17.900647568    -17.090463702    -17.068310443    -16.791151733
121   5   27.1  0.00000021    -19.545396776    -17.900647568    -17.090463702    -17.068310443    -16.791151733
122   5   27.4  0.00000158    -19.545396776    -17.900647568    -17.090463702    -17.068310443    -16.791151733
123   5   27.7  0.00000081    -19.545396776    -17.900647568    -17.090463702    -17.068310443    -16.791151733
124   5   28.0  0.00000045    -19.545396776    -17.900647568    -17.090463702    -17.068310443    -16.791151733
125   5   28.3  0.00000024    -19.545396776    -17.900647568    -17.090463702    -17.068310443    -16.791151733
126   2   28.6  0.00000032    -19.545396776    -17.900647568    -17.090463702    -17.068310443    -16.791151733
127   2   28.9  0.00000374    -19.545396776    -17.900647569    -17.090463702    -17.068310443    -16.791151733
128   2   29.2  0.00000176    -19.545396776    -17.900647569    -17.090463702    -17.068310443    -16.791151733
129   2   29.4  0.00000095    -19.545396776    -17.900647569    -17.090463702    -17.068310443    -16.791151733
130   2   29.7  0.00000049    -19.545396776    -17.900647569    -17.090463702    -17.068310443    -16.791151733
131   2   30.0  0.00000023    -19.545396776    -17.900647569    -17.090463702    -17.068310443    -16.791151733
132   1   30.3  0.00000033    -19.545396776    -17.900647569    -17.090463702    -17.068310443    -16.791151733
133   1   30.6  0.00000418    -19.545396777    -17.900647569    -17.090463702    -17.068310443    -16.791151733
134   1   30.9  0.00000158    -19.545396777    -17.900647569    -17.090463702    -17.068310443    -16.791151733
135   1   31.2  0.00000065    -19.545396777    -17.900647569    -17.090463702    -17.068310443    -16.791151733
136   1   31.5  0.00000026    -19.545396777    -17.900647569    -17.090463702    -17.068310443    -16.791151733
137   1   31.8  0.00000013    -19.545396777    -17.900647569    -17.090463702    -17.068310443    -16.791151733
138   1   32.1  0.00000006    -19.545396777    -17.900647569    -17.090463702    -17.068310443    -16.791151733
139   4   32.4  0.00000005    -19.545396777    -17.900647569    -17.090463702    -17.068310443    -16.791151733
140   4   32.8  0.00000027    -19.545396777    -17.900647569    -17.090463702    -17.068310443    -16.791151733
141   4   33.1  0.00000014    -19.545396777    -17.900647569    -17.090463702    -17.068310443    -16.791151733
142   4   33.4  0.00000007    -19.545396777    -17.900647569    -17.090463702    -17.068310443    -16.791151733
143   4   33.7  0.00000004    -19.545396777    -17.900647569    -17.090463702    -17.068310443    -16.791151733
144   4   34.0  0.00000002    -19.545396777    -17.900647569    -17.090463702    -17.068310443    -16.791151733
145   3   34.3  0.00000001    -19.545396777    -17.900647569    -17.090463702    -17.068310443    -16.791151733
146   3   34.6  0.00000008    -19.545396777    -17.900647569    -17.090463702    -17.068310443    -16.791151733
147   3   34.9  0.00000004    -19.545396777    -17.900647569    -17.090463702    -17.068310443    -16.791151733
148   3   35.2  0.00000002    -19.545396777    -17.900647569    -17.090463702    -17.068310443    -16.791151733
149   3   35.6  0.00000001    -19.545396777    -17.900647569    -17.090463702    -17.068310443    -16.791151733
 State 1     Energy    -19.545396776925
 Correlation energy     -3.850217955255

 Final CI vector

      -0.581822753791******************************
       0.098224773934******************************
      -0.098224773933******************************
      -0.087683063449******************************
       0.051645078279******************************
      -0.196137727633******************************
      -0.051958054211******************************
       0.051645078277******************************
      -0.109702306638******************************
      -0.077457831475******************************
      -0.074394048697******************************
       0.581822753863******************************
      -0.051645078239******************************
       0.196137727365******************************
      -0.051645078239******************************
       0.109702305545******************************
       0.077457831836******************************
       0.074394048869******************************
      -0.098224773543******************************
       0.098224773539******************************
       0.087683064700******************************
       0.051958053923******************************
 /EOF
 State 2     Energy    -17.900647569027

 Final CI vector

      -0.052155727195******************************
       0.052933256576******************************
       0.051963940025******************************
      -0.052933256582******************************
       0.356482287698******************************
       0.326072404336******************************
      -0.115849212758******************************
       0.356482287697******************************
       0.081685523516******************************
      -0.097839597220******************************
      -0.115849212758******************************
       0.071607629051******************************
      -0.097839597219******************************
       0.052155727001******************************
      -0.356482287541******************************
      -0.326072402494******************************
       0.115849221443******************************
      -0.356482287541******************************
      -0.081685535036******************************
       0.097839602227******************************
       0.115849221445******************************
      -0.071607627461******************************
       0.097839602226******************************
      -0.052933262895******************************
      -0.051963948343******************************
       0.052933262898******************************
 /EOF
 State 3     Energy    -17.090463701818

 Final CI vector

       0.650934464544******************************
       0.056778545640******************************
      -0.056778545636******************************
       0.139284868235******************************
      -0.052659212761******************************
       0.050411812693******************************
       0.650934464163******************************
       0.139284869151******************************
       0.050411813052******************************
       0.056778545486******************************
      -0.056778545484******************************
      -0.052659212108******************************
 /EOF
 State 4     Energy    -17.068310442519

 Final CI vector

      -0.337216952596******************************
       0.337216952594******************************
       0.080844864580******************************
       0.089995734364******************************
       0.102640982761******************************
      -0.063860887163******************************
      -0.063658070396******************************
      -0.208515894977******************************
       0.127694121090******************************
      -0.127694121087******************************
      -0.054611109362******************************
      -0.053020908393******************************
       0.061574873120******************************
       0.089995734366******************************
      -0.102640982768******************************
       0.063658070404******************************
       0.063860887174******************************
      -0.097047710882******************************
       0.061574873125******************************
      -0.054611109362******************************
       0.053020908405******************************
      -0.058799156678******************************
      -0.068463886594******************************
      -0.089995734437******************************
       0.208515895070******************************
       0.054611108630******************************
      -0.089995734436******************************
       0.097047711806******************************
       0.054611108629******************************
       0.058799156338******************************
       0.068463886554******************************
       0.337216952488******************************
      -0.127694121257******************************
      -0.061574873314******************************
       0.102640982707******************************
      -0.063658070218******************************
      -0.053020908433******************************
      -0.337216952488******************************
      -0.102640982701******************************
       0.127694121254******************************
      -0.061574873315******************************
      -0.063860886971******************************
      -0.080844864330******************************
       0.063860886959******************************
       0.063658070210******************************
       0.053020908421******************************
 /EOF
 State 5     Energy    -16.791151733355

 Final CI vector

       0.350388235048******************************
       0.246673171958******************************
      -0.223076736530******************************
       0.246673171960******************************
       0.350388235046******************************
      -0.350388228155******************************
      -0.246673154823******************************
       0.223076731632******************************
      -0.246673154829******************************
      -0.350388228151******************************
 /EOF
 Variable memory released
