 PROGRAM * FCI  (Determinant based Full CI)     Author: P.J. Knowles, 1984

 lenn,mem     5000002     5000000
 Variable memory set to    5000000 words
 Active orbitals:             12( 4 4 2 2 0 0 0 0)
 Active electrons:            12
 Spin quantum number:          0.0
 Orbital pairs:                  26    20    16    16     0     0     0     0
 Strings:                       228   248   224   224     0     0     0     0
                                228   248   224   224     0     0     0     0
 Determinants:                     213840      213440      213248      213248
                                        0           0           0           0
 sr inpint: done reading integrals
 Core energy:                    106.969145927573

 Space symmetry:               2
 Maximum iterations:         ***
 Convergence threshold:         0.0000000
 Output threshold:              0.0500000
 Number of roots:              3

 Initial configuration generated:
       1      0.7071068    -18.9916561
   56545      0.7071068    -18.9916561

 It  Tr    CPU  Convergence   Energy

  1   1    0.5  1.00000000    -18.333193432
  2   2    0.8  0.93387730    -20.134611821     -6.047074595
  3   2    1.4  0.87580182    -20.195806950    -15.442087823     -3.351185951
  4   3    2.8  0.55137565    -20.218085263    -18.087496613     -8.918959880
  5   3    4.2  0.68047592    -20.219388372    -18.251765179    -13.892174358
  6   3    5.6  0.46178661    -20.226588506    -18.282580261    -16.541579842
  7   3    7.1  0.23758760    -20.226632235    -18.294380478    -17.291107643
  8   3    8.5  0.21046252    -20.230960912    -18.299157971    -17.698335262
  9   2    9.9  0.22617090    -20.231182715    -18.325149024    -18.284374533
 10   2   11.3  0.19624278    -20.236240172    -18.865351585    -18.284559645
 11   2   12.8  0.10361386    -20.236637844    -19.049912520    -18.297384245
 12   3   14.2  0.07928308    -20.236678530    -19.119723232    -18.418771005
 13   3   15.6  0.12661345    -20.239744224    -19.146557813    -18.754459512
 14   3   17.1  0.04980586    -20.239772180    -19.152356072    -18.811164055
 15   3   18.5  0.02402232    -20.240921666    -19.154860365    -18.823688992
 16   3   20.0  0.01655717    -20.241430834    -19.154869777    -18.827817547
 17   3   21.4  0.01398958    -20.241928164    -19.154887417    -18.830284709
 18   3   22.9  0.00797834    -20.242748812    -19.154887762    -18.831620249
 19   1   24.3  0.00406893    -20.243237716    -19.154888601    -18.832015922
 20   1   25.8  0.10954656    -20.438590481    -19.154936752    -18.832016061
 21   1   27.3  0.03219162    -20.460522899    -19.154951328    -18.832016072
 22   1   28.7  0.01000857    -20.463150284    -19.155004863    -18.832016789
 23   1   30.2  0.00353758    -20.463470306    -19.155100411    -18.832017238
 24   2   31.7  0.00451233    -20.463523524    -19.155418258    -18.832020069
 25   2   33.2  0.02679203    -20.463523898    -19.170043358    -18.832021186
 26   2   34.6  0.01548368    -20.463524468    -19.172879297    -18.832024184
 27   1   36.1  0.68641169    -20.820678729    -20.463503796    -19.171038160
 28   1   37.6  0.28327127    -22.341463447    -20.463518916    -19.172167665
 29   1   39.1  0.12390576    -22.654465676    -20.463518951    -19.172190605
 30   1   40.6  0.06020636    -22.733325574    -20.463519010    -19.172199510
 31   1   42.1  0.03626087    -22.755888388    -20.463519097    -19.172202035
 32   1   43.6  0.02413119    -22.764369497    -20.463519120    -19.172221985
 33   2   45.1  0.26684535    -22.770106466    -20.678066681    -20.463519049
 34   2   46.6  0.19715881    -22.772867940    -21.479874792    -20.463519121
 35   2   48.2  0.08518425    -22.773820694    -21.624000769    -20.463519126
 36   2   49.7  0.03829475    -22.774255694    -21.655338281    -20.463519127
 37   2   51.2  0.02150189    -22.774325494    -21.664699699    -20.463519129
 38   2   52.7  0.01348527    -22.774339497    -21.668042410    -20.463519130
 39   2   54.2  0.00965901    -22.774346477    -21.669597565    -20.463519139
 40   2   55.8  0.00545652    -22.774349220    -21.670228742    -20.463519139
 41   2   57.3  0.00278785    -22.774353262    -21.670395478    -20.463519149
 42   2   58.9  0.00185652    -22.774353651    -21.670453222    -20.463519149
 43   2   60.4  0.00107166    -22.774359032    -21.670474774    -20.463519169
 44   2   62.0  0.00070852    -22.774360564    -21.670483347    -20.463519172
 45   2   63.6  0.00049726    -22.774363401    -21.670487556    -20.463519195
 46   1   65.3  0.00046438    -22.774367760    -21.670489183    -20.463519198
 47   1   66.8  0.00534226    -22.774871044    -21.670489184    -20.463519211
 48   1   68.4  0.00182487    -22.774944978    -21.670489187    -20.463519240
 49   1   70.0  0.00062483    -22.774954147    -21.670489217    -20.463519242
 50   1   71.6  0.00024202    -22.774955406    -21.670489301    -20.463519266
 51   1   73.3  0.00011277    -22.774955684    -21.670489374    -20.463519269
 52   2   74.9  0.00009779    -22.774955778    -21.670489593    -20.463519271
 53   2   76.5  0.00016783    -22.774955783    -21.670490200    -20.463519271
 54   2   78.2  0.00006980    -22.774955786    -21.670490325    -20.463519318
 55   2   79.8  0.00003307    -22.774955787    -21.670490350    -20.463519326
 56   3   81.5  0.00002145    -22.774955787    -21.670490356    -20.463519335
 57   3   83.1  0.00070929    -22.774955787    -21.670490356    -20.463529529
 58   3   84.8  0.00025974    -22.774955787    -21.670490356    -20.463531150
 59   3   86.5  0.00008947    -22.774955787    -21.670490356    -20.463531361
 60   3   88.1  0.00003220    -22.774955787    -21.670490356    -20.463531389
 61   3   89.8  0.00001233    -22.774955788    -21.670490356    -20.463531393
 62   3   91.5  0.00000516    -22.774955788    -21.670490356    -20.463531394
 63   1   93.2  0.00000515    -22.774955789    -21.670490357    -20.463531394
 64   1   94.9  0.00002738    -22.774955809    -21.670490357    -20.463531394
 65   1   96.6  0.00001234    -22.774955812    -21.670490357    -20.463531394
 66   1   98.3  0.00000634    -22.774955813    -21.670490357    -20.463531394
 67   1  100.0  0.00000305    -22.774955813    -21.670490357    -20.463531394
 68   1  101.7  0.00000133    -22.774955814    -21.670490357    -20.463531394
 69   2  103.4  0.00000075    -22.774955814    -21.670490357    -20.463531394
 70   2  105.1  0.00000942    -22.774955814    -21.670490358    -20.463531394
 71   2  106.9  0.00000447    -22.774955814    -21.670490359    -20.463531394
 72   2  108.6  0.00000189    -22.774955814    -21.670490359    -20.463531394
 73   2  110.3  0.00000084    -22.774955814    -21.670490359    -20.463531394
 74   2  112.1  0.00000044    -22.774955814    -21.670490359    -20.463531394
 75   2  113.8  0.00000025    -22.774955814    -21.670490359    -20.463531394
 76   3  115.6  0.00000019    -22.774955814    -21.670490359    -20.463531394
 77   3  117.3  0.00000222    -22.774955814    -21.670490359    -20.463531394
 78   3  119.1  0.00000180    -22.774955814    -21.670490359    -20.463531394
 79   3  120.8  0.00000102    -22.774955814    -21.670490359    -20.463531394
 80   3  122.6  0.00000055    -22.774955814    -21.670490359    -20.463531394
 81   3  124.4  0.00000026    -22.774955814    -21.670490359    -20.463531394
 82   3  126.2  0.00000012    -22.774955814    -21.670490359    -20.463531394
 83   3  127.9  0.00000007    -22.774955814    -21.670490359    -20.463531394
 84   1  129.7  0.00000008    -22.774955814    -21.670490359    -20.463531394
 85   1  131.5  0.00000023    -22.774955814    -21.670490359    -20.463531394
 86   1  133.3  0.00000010    -22.774955814    -21.670490359    -20.463531394
 87   1  135.1  0.00000004    -22.774955814    -21.670490359    -20.463531394
 88   1  136.9  0.00000002    -22.774955814    -21.670490359    -20.463531394
 89   2  138.7  0.00000001    -22.774955814    -21.670490359    -20.463531394
 90   2  140.6  0.00000008    -22.774955814    -21.670490359    -20.463531394
 91   2  142.4  0.00000003    -22.774955814    -21.670490359    -20.463531394
 92   2  144.2  0.00000002    -22.774955814    -21.670490359    -20.463531394
 93   2  146.0  0.00000001    -22.774955814    -21.670490359    -20.463531394
 State 1     Energy    -22.774955813526
 Correlation energy     -4.441762381401

 Final CI vector

       0.516545444132************************************
       0.211039470976************************************
       0.211037190203************************************
      -0.180600936692************************************
      -0.087165673473************************************
      -0.073298340947************************************
      -0.055256739133************************************
      -0.516545444162************************************
       0.055256739051************************************
      -0.211039470998************************************
      -0.211037190208************************************
       0.180600936657************************************
       0.087165673655************************************
       0.073298340792************************************
 /EOF
 State 2     Energy    -21.670490358977

 Final CI vector

       0.279712824321************************************
      -0.378363231936************************************
      -0.375053684770************************************
      -0.057884638903************************************
      -0.057833534542************************************
      -0.279712824302************************************
       0.378363231897************************************
       0.057884638916************************************
       0.375053684780************************************
       0.057833534543************************************
      -0.073942823425************************************
       0.056806190924************************************
       0.073942823425************************************
       0.056806190924************************************
      -0.056209892367************************************
      -0.056209892367************************************
      -0.073942823276************************************
       0.056209892520************************************
       0.073942823276************************************
       0.056209892520************************************
      -0.056806190725************************************
      -0.056806190725************************************
 /EOF
 State 3     Energy    -20.463531394018

 Final CI vector

       0.640079860128************************************
       0.640079859919************************************
 /EOF
 Variable memory released
