 PROGRAM * FCI  (Determinant based Full CI)     Author: P.J. Knowles, 1984

 lenn,mem     5000002     5000000
 Variable memory set to    5000000 words
 Active orbitals:             12( 4 4 2 2 0 0 0 0)
 Active electrons:            12
 Spin quantum number:          0.0
 Orbital pairs:                  26    20    16    16     0     0     0     0
 Strings:                       228   248   224   224     0     0     0     0
                                228   248   224   224     0     0     0     0
 Determinants:                     213840      213440      213248      213248
                                        0           0           0           0
 sr inpint: done reading integrals
 Core energy:                    106.969145927573

 Space symmetry:               1
 Maximum iterations:         ***
 Convergence threshold:         0.0000000
 Output threshold:              0.0500000
 Number of roots:              3

 Initial configuration generated:
   51985      1.0000000    -22.8733477

 It  Tr    CPU  Convergence   Energy

  1   1    0.5  1.00000000    -22.873347660
  2   2    0.8  0.93260687    -24.880778920     -9.467979644
  3   3    1.3  0.76442078    -25.151277511    -15.320092575     -1.013091234
  4   3    2.7  0.62309514    -25.152312495    -17.243163600     -9.435468316
  5   3    4.2  0.55281753    -25.162593688    -17.614221209    -13.802842747
  6   3    5.6  0.32956276    -25.162618283    -18.047384962    -16.005110777
  7   3    7.1  0.20286299    -25.166104145    -18.258601055    -16.682360187
  8   3    8.5  0.24249055    -25.181982958    -18.319313798    -17.234901815
  9   2    9.9  0.28287141    -25.183932640    -18.763848686    -18.014253231
 10   2   11.4  0.25511035    -25.197271466    -20.000869716    -18.016152136
 11   2   12.8  0.10492102    -25.206156951    -20.308366720    -18.027307733
 12   2   14.2  0.05808407    -25.206997970    -20.390599525    -18.029335665
 13   2   15.7  0.03768882    -25.207212680    -20.417496684    -18.031718162
 14   2   17.2  0.02793857    -25.208540010    -20.432365766    -18.035220210
 15   3   18.6  0.16831870    -25.209654240    -20.442896213    -18.172506370
 16   3   20.1  0.19969800    -25.211888143    -20.447373123    -18.900493213
 17   3   21.5  0.10863402    -25.211899918    -20.449083893    -19.131548570
 18   3   23.0  0.07801031    -25.212262024    -20.450532535    -19.254852556
 19   3   24.5  0.07937052    -25.213190766    -20.451643751    -19.348075745
 20   3   25.9  0.07682759    -25.213724859    -20.452347807    -19.431352577
 21   3   27.4  0.04743383    -25.213744862    -20.452572819    -19.476931416
 22   3   28.9  0.02613962    -25.213745204    -20.452578307    -19.492166113
 23   3   30.4  0.01639301    -25.213745389    -20.452590838    -19.497890569
 24   3   31.9  0.01321280    -25.213752009    -20.452603176    -19.500655875
 25   3   33.4  0.01393831    -25.213768429    -20.452611475    -19.502918342
 26   3   34.9  0.01629309    -25.213825401    -20.452614787    -19.505709558
 27   3   36.4  0.02155988    -25.213890056    -20.452614796    -19.510356761
 28   3   37.9  0.02497709    -25.213927080    -20.452618877    -19.517350883
 29   3   39.4  0.02153900    -25.214553968    -20.452642025    -19.524110985
 30   3   40.9  0.01418070    -25.215035827    -20.452669016    -19.527868799
 31   3   42.4  0.01036705    -25.215143192    -20.452678964    -19.529855674
 32   3   43.9  0.00645177    -25.215156157    -20.452683419    -19.530753828
 33   1   45.4  0.00469543    -25.215866109    -20.452690891    -19.531080179
 34   1   47.0  0.06758523    -25.295372635    -20.452699111    -19.531082506
 35   1   48.5  0.01593046    -25.301226794    -20.452703473    -19.531082944
 36   1   50.0  0.00494535    -25.301833183    -20.452724656    -19.531083532
 37   1   51.6  0.00177365    -25.301909449    -20.452732202    -19.531084852
 38   1   53.1  0.00063796    -25.301920367    -20.452733300    -19.531084981
 39   1   54.7  0.00023294    -25.301921943    -20.452733770    -19.531086055
 40   2   56.3  0.00086868    -25.301922172    -20.452749932    -19.531086730
 41   2   57.9  0.00771336    -25.301922173    -20.453765286    -19.531087738
 42   2   59.4  0.00384448    -25.301922174    -20.453993302    -19.531089226
 43   2   61.0  0.00220083    -25.301922174    -20.454073001    -19.531091838
 44   2   62.6  0.00118285    -25.301922175    -20.454100753    -19.531094648
 45   2   64.2  0.00055428    -25.301922176    -20.454108073    -19.531099076
 46   3   65.8  0.00039476    -25.301922177    -20.454110188    -19.531102339
 47   3   67.4  0.00219822    -25.301922178    -20.454110207    -19.531207820
 48   3   69.0  0.00131551    -25.301922178    -20.454110215    -19.531240739
 49   3   70.7  0.00088578    -25.301922179    -20.454110216    -19.531254884
 50   3   72.3  0.00065186    -25.301922179    -20.454110222    -19.531262032
 51   3   74.0  0.00049291    -25.301922181    -20.454110236    -19.531265975
 52   3   75.6  0.00035984    -25.301922183    -20.454110243    -19.531268131
 53   3   77.3  0.00026027    -25.301922184    -20.454110244    -19.531269273
 54   3   78.9  0.00020605    -25.301922186    -20.454110244    -19.531269948
 55   3   80.6  0.00014997    -25.301922187    -20.454110253    -19.531270328
 56   3   82.3  0.00009913    -25.301922188    -20.454110274    -19.531270515
 57   3   84.0  0.00006262    -25.301922188    -20.454110289    -19.531270588
 58   3   85.6  0.00003762    -25.301922188    -20.454110293    -19.531270615
 59   3   87.3  0.00002100    -25.301922188    -20.454110297    -19.531270625
 60   3   89.0  0.00001263    -25.301922188    -20.454110298    -19.531270628
 61   3   90.7  0.00000733    -25.301922188    -20.454110299    -19.531270629
 62   2   92.4  0.00001567    -25.301922188    -20.454110303    -19.531270629
 63   2   94.1  0.00016406    -25.301922188    -20.454110943    -19.531270629
 64   2   95.8  0.00008786    -25.301922188    -20.454111113    -19.531270629
 65   2   97.5  0.00005144    -25.301922188    -20.454111168    -19.531270629
 66   2   99.2  0.00002798    -25.301922188    -20.454111185    -19.531270629
 67   2  101.0  0.00001684    -25.301922188    -20.454111190    -19.531270629
 68   2  102.7  0.00002279    -25.301922188    -20.454111194    -19.531270629
 69   2  104.4  0.38438205    -25.301922188    -21.126200708    -20.454111179
 70   2  106.1  0.17813059    -25.301922188    -22.011575861    -20.454111187
 71   2  107.7  0.07944069    -25.301922188    -22.165242811    -20.454111188
 72   2  109.4  0.03546170    -25.301922188    -22.198558009    -20.454111188
 73   2  111.1  0.01696598    -25.301922188    -22.205848434    -20.454111188
 74   2  112.7  0.00731933    -25.301922188    -22.207321152    -20.454111188
 75   2  114.4  0.00296221    -25.301922188    -22.207581584    -20.454111188
 76   2  116.1  0.00131888    -25.301922188    -22.207628789    -20.454111188
 77   2  117.8  0.00058398    -25.301922188    -22.207637506    -20.454111188
 78   2  119.6  0.00031302    -25.301922188    -22.207639573    -20.454111188
 79   2  121.4  0.00020600    -25.301922188    -22.207640320    -20.454111188
 80   2  123.2  0.00013906    -25.301922188    -22.207640663    -20.454111188
 81   2  124.9  0.00008674    -25.301922189    -22.207640802    -20.454111188
 82   2  126.7  0.00005252    -25.301922189    -22.207640855    -20.454111188
 83   2  128.5  0.00003779    -25.301922189    -22.207640879    -20.454111188
 84   3  130.3  0.17281933    -25.301922189    -22.207640894    -20.608807176
 85   3  132.0  0.18831164    -25.301922189    -22.207640902    -21.017391219
 86   3  133.7  0.12697130    -25.301922189    -22.207640906    -21.243167395
 87   3  135.4  0.07173916    -25.301922189    -22.207640909    -21.339440722
 88   3  137.2  0.04115444    -25.301922189    -22.207640910    -21.371755353
 89   3  138.9  0.02220642    -25.301922190    -22.207640910    -21.381678258
 90   3  140.6  0.01192949    -25.301922190    -22.207640910    -21.384740109
 91   3  142.3  0.00644563    -25.301922190    -22.207640910    -21.385619385
 92   3  144.1  0.00344151    -25.301922190    -22.207640910    -21.385875104
 93   3  145.8  0.00169360    -25.301922190    -22.207640910    -21.385944193
 94   3  147.6  0.00084367    -25.301922190    -22.207640910    -21.385960903
 95   3  149.5  0.00045353    -25.301922190    -22.207640910    -21.385965080
 96   3  151.3  0.00024258    -25.301922190    -22.207640910    -21.385966291
 97   3  153.2  0.00013882    -25.301922190    -22.207640910    -21.385966720
 98   3  155.1  0.00008307    -25.301922190    -22.207640910    -21.385966886
 99   3  157.0  0.00004488    -25.301922190    -22.207640910    -21.385966938
100   3  158.8  0.00002039    -25.301922190    -22.207640910    -21.385966949
101   3  160.7  0.00000827    -25.301922190    -22.207640910    -21.385966951
102   3  162.6  0.00000380    -25.301922190    -22.207640910    -21.385966952
103   3  164.5  0.00000184    -25.301922190    -22.207640910    -21.385966952
104   3  166.4  0.00000101    -25.301922190    -22.207640910    -21.385966952
105   1  168.3  0.00000065    -25.301922190    -22.207640910    -21.385966952
106   1  170.2  0.00002366    -25.301922208    -22.207640910    -21.385966952
107   1  172.1  0.00000696    -25.301922210    -22.207640910    -21.385966952
108   1  174.0  0.00000197    -25.301922210    -22.207640910    -21.385966952
109   1  175.9  0.00000064    -25.301922210    -22.207640910    -21.385966952
110   1  177.9  0.00000020    -25.301922210    -22.207640910    -21.385966952
111   1  179.8  0.00000008    -25.301922210    -22.207640910    -21.385966952
112   2  181.7  0.00000026    -25.301922210    -22.207640910    -21.385966952
113   2  183.7  0.00000850    -25.301922210    -22.207640911    -21.385966952
114   2  185.6  0.00000279    -25.301922210    -22.207640912    -21.385966952
115   2  187.6  0.00000089    -25.301922210    -22.207640912    -21.385966952
116   2  189.5  0.00000028    -25.301922210    -22.207640912    -21.385966952
117   2  191.5  0.00000009    -25.301922210    -22.207640912    -21.385966952
118   2  193.4  0.00000004    -25.301922210    -22.207640912    -21.385966952
119   2  195.4  0.00000002    -25.301922210    -22.207640912    -21.385966952
120   3  197.4  0.00000003    -25.301922210    -22.207640912    -21.385966952
121   3  199.4  0.00000026    -25.301922210    -22.207640912    -21.385966952
122   3  201.3  0.00000012    -25.301922210    -22.207640912    -21.385966952
123   3  203.3  0.00000006    -25.301922210    -22.207640912    -21.385966952
124   3  205.3  0.00000002    -25.301922210    -22.207640912    -21.385966952
125   3  207.3  0.00000001    -25.301922210    -22.207640912    -21.385966952
126   3  209.3  0.00000000    -25.301922210    -22.207640912    -21.385966952
 State 1     Energy    -25.301922210017
 Correlation energy     -2.428574550234

 Final CI vector

      -0.098944783639************************************
       0.055033082161************************************
      -0.068715507754************************************
      -0.066756092466************************************
      -0.066756092466************************************
      -0.068477196019************************************
       0.055033082161************************************
      -0.056853773688************************************
       0.891450421629************************************
      -0.052822885093************************************
       0.065899436469************************************
      -0.067146568017************************************
      -0.069565636456************************************
      -0.069565636493************************************
      -0.067146568017************************************
       0.065899436656************************************
      -0.052822885093************************************
      -0.054193244024************************************
      -0.054193244254************************************
      -0.056348845828************************************
      -0.056348846105************************************
 /EOF
 State 2     Energy    -22.207640911535

 Final CI vector

       0.265490719296************************************
      -0.344317464565************************************
      -0.344317464666************************************
      -0.265490719384************************************
      -0.066237343241************************************
      -0.066237343032************************************
      -0.081338820767************************************
      -0.081338820897************************************
      -0.265490719384************************************
       0.344317464666************************************
      -0.052433065202************************************
       0.344317464565************************************
      -0.052433065257************************************
       0.052433065257************************************
       0.052433065202************************************
       0.265490719295************************************
       0.066237343032************************************
       0.066237343241************************************
       0.081338820897************************************
       0.081338820767************************************
 /EOF
 State 3     Energy    -21.385966951948

 Final CI vector

      -0.337370177463************************************
      -0.264665951341************************************
      -0.264665951342************************************
       0.337370177486************************************
       0.337370177487************************************
       0.264665951342************************************
       0.264665951341************************************
      -0.337370177463************************************
       0.054929154480************************************
       0.054929154610************************************
      -0.054929154610************************************
      -0.054929154480************************************
       0.056072135400************************************
       0.056072135274************************************
      -0.056072135274************************************
      -0.056072135400************************************
 /EOF
 Variable memory released
